{"F:\\Estudo\\Alura\\curso\\src\\app.js": {"path":"F:\\Estudo\\Alura\\curso\\src\\app.js","statementMap":{"0":{"start":{"line":4,"column":12},"end":{"line":4,"column":21}},"1":{"start":{"line":5,"column":0},"end":{"line":5,"column":24}},"2":{"start":{"line":6,"column":0},"end":{"line":6,"column":12}}},"fnMap":{},"branchMap":{},"s":{"0":2,"1":2,"2":2},"f":{},"b":{},"_coverageSchema":"1a1c01bbd47fc00a2c39e90264f33305004495a9","hash":"970ed67ebcd295d83a55c0f22f09175e171a0890"}
,"F:\\Estudo\\Alura\\curso\\src\\config\\constants.js": {"path":"F:\\Estudo\\Alura\\curso\\src\\config\\constants.js","statementMap":{"0":{"start":{"line":1,"column":19},"end":{"line":1,"column":53}},"1":{"start":{"line":3,"column":22},"end":{"line":7,"column":1}}},"fnMap":{},"branchMap":{},"s":{"0":4,"1":4},"f":{},"b":{},"_coverageSchema":"1a1c01bbd47fc00a2c39e90264f33305004495a9","hash":"f0e6dc840126c310c410cc86e8c230ee6824631c"}
,"F:\\Estudo\\Alura\\curso\\src\\config\\nodeMailer.js": {"path":"F:\\Estudo\\Alura\\curso\\src\\config\\nodeMailer.js","statementMap":{"0":{"start":{"line":3,"column":20},"end":{"line":30,"column":1}},"1":{"start":{"line":4,"column":2},"end":{"line":29,"column":3}},"2":{"start":{"line":5,"column":24},"end":{"line":5,"column":60}},"3":{"start":{"line":7,"column":24},"end":{"line":15,"column":6}},"4":{"start":{"line":17,"column":24},"end":{"line":22,"column":5}},"5":{"start":{"line":24,"column":17},"end":{"line":24,"column":56}},"6":{"start":{"line":26,"column":4},"end":{"line":26,"column":16}},"7":{"start":{"line":28,"column":4},"end":{"line":28,"column":48}}},"fnMap":{"0":{"name":"(anonymous_0)","decl":{"start":{"line":3,"column":20},"end":{"line":3,"column":21}},"loc":{"start":{"line":3,"column":55},"end":{"line":30,"column":1}},"line":3}},"branchMap":{},"s":{"0":3,"1":0,"2":0,"3":0,"4":0,"5":0,"6":0,"7":0},"f":{"0":0},"b":{},"_coverageSchema":"1a1c01bbd47fc00a2c39e90264f33305004495a9","hash":"6ca38218ffd3783af2af8ddbc0d0526324e0b246"}
,"F:\\Estudo\\Alura\\curso\\src\\controllers\\aluguelLivroController.js": {"path":"F:\\Estudo\\Alura\\curso\\src\\controllers\\aluguelLivroController.js","statementMap":{"0":{"start":{"line":3,"column":28},"end":{"line":3,"column":53}},"1":{"start":{"line":5,"column":30},"end":{"line":12,"column":3}},"2":{"start":{"line":6,"column":4},"end":{"line":11,"column":5}},"3":{"start":{"line":7,"column":24},"end":{"line":7,"column":70}},"4":{"start":{"line":8,"column":6},"end":{"line":8,"column":45}},"5":{"start":{"line":10,"column":6},"end":{"line":10,"column":47}},"6":{"start":{"line":14,"column":35},"end":{"line":22,"column":3}},"7":{"start":{"line":15,"column":23},"end":{"line":15,"column":26}},"8":{"start":{"line":16,"column":4},"end":{"line":21,"column":5}},"9":{"start":{"line":17,"column":24},"end":{"line":17,"column":84}},"10":{"start":{"line":18,"column":6},"end":{"line":18,"column":45}},"11":{"start":{"line":20,"column":6},"end":{"line":20,"column":47}},"12":{"start":{"line":24,"column":23},"end":{"line":33,"column":3}},"13":{"start":{"line":25,"column":21},"end":{"line":25,"column":24}},"14":{"start":{"line":26,"column":4},"end":{"line":32,"column":5}},"15":{"start":{"line":27,"column":21},"end":{"line":27,"column":79}},"16":{"start":{"line":29,"column":6},"end":{"line":29,"column":42}},"17":{"start":{"line":31,"column":6},"end":{"line":31,"column":47}},"18":{"start":{"line":35,"column":24},"end":{"line":44,"column":3}},"19":{"start":{"line":36,"column":23},"end":{"line":36,"column":26}},"20":{"start":{"line":37,"column":4},"end":{"line":43,"column":5}},"21":{"start":{"line":38,"column":23},"end":{"line":38,"column":87}},"22":{"start":{"line":40,"column":6},"end":{"line":40,"column":44}},"23":{"start":{"line":42,"column":6},"end":{"line":42,"column":47}},"24":{"start":{"line":46,"column":36},"end":{"line":55,"column":3}},"25":{"start":{"line":47,"column":23},"end":{"line":47,"column":26}},"26":{"start":{"line":48,"column":4},"end":{"line":54,"column":5}},"27":{"start":{"line":49,"column":22},"end":{"line":49,"column":66}},"28":{"start":{"line":51,"column":6},"end":{"line":51,"column":43}},"29":{"start":{"line":53,"column":6},"end":{"line":53,"column":47}}},"fnMap":{"0":{"name":"(anonymous_0)","decl":{"start":{"line":5,"column":30},"end":{"line":5,"column":31}},"loc":{"start":{"line":5,"column":48},"end":{"line":12,"column":3}},"line":5},"1":{"name":"(anonymous_1)","decl":{"start":{"line":14,"column":35},"end":{"line":14,"column":36}},"loc":{"start":{"line":14,"column":55},"end":{"line":22,"column":3}},"line":14},"2":{"name":"(anonymous_2)","decl":{"start":{"line":24,"column":23},"end":{"line":24,"column":24}},"loc":{"start":{"line":24,"column":43},"end":{"line":33,"column":3}},"line":24},"3":{"name":"(anonymous_3)","decl":{"start":{"line":35,"column":24},"end":{"line":35,"column":25}},"loc":{"start":{"line":35,"column":44},"end":{"line":44,"column":3}},"line":35},"4":{"name":"(anonymous_4)","decl":{"start":{"line":46,"column":36},"end":{"line":46,"column":37}},"loc":{"start":{"line":46,"column":56},"end":{"line":55,"column":3}},"line":46}},"branchMap":{},"s":{"0":2,"1":2,"2":0,"3":0,"4":0,"5":0,"6":2,"7":0,"8":0,"9":0,"10":0,"11":0,"12":2,"13":0,"14":0,"15":0,"16":0,"17":0,"18":2,"19":0,"20":0,"21":0,"22":0,"23":0,"24":2,"25":0,"26":0,"27":0,"28":0,"29":0},"f":{"0":0,"1":0,"2":0,"3":0,"4":0},"b":{},"_coverageSchema":"1a1c01bbd47fc00a2c39e90264f33305004495a9","hash":"d9cbdd2d71d3feeae4ccb8e99d7088b7a5ec6912"}
,"F:\\Estudo\\Alura\\curso\\src\\controllers\\authController.js": {"path":"F:\\Estudo\\Alura\\curso\\src\\controllers\\authController.js","statementMap":{"0":{"start":{"line":3,"column":20},"end":{"line":3,"column":37}},"1":{"start":{"line":5,"column":17},"end":{"line":15,"column":3}},"2":{"start":{"line":6,"column":21},"end":{"line":6,"column":24}},"3":{"start":{"line":8,"column":4},"end":{"line":14,"column":5}},"4":{"start":{"line":9,"column":20},"end":{"line":9,"column":49}},"5":{"start":{"line":11,"column":6},"end":{"line":11,"column":41}},"6":{"start":{"line":13,"column":6},"end":{"line":13,"column":47}},"7":{"start":{"line":17,"column":28},"end":{"line":27,"column":3}},"8":{"start":{"line":18,"column":21},"end":{"line":18,"column":24}},"9":{"start":{"line":20,"column":4},"end":{"line":26,"column":5}},"10":{"start":{"line":21,"column":22},"end":{"line":21,"column":62}},"11":{"start":{"line":23,"column":6},"end":{"line":23,"column":43}},"12":{"start":{"line":25,"column":6},"end":{"line":25,"column":47}}},"fnMap":{"0":{"name":"(anonymous_0)","decl":{"start":{"line":5,"column":17},"end":{"line":5,"column":18}},"loc":{"start":{"line":5,"column":37},"end":{"line":15,"column":3}},"line":5},"1":{"name":"(anonymous_1)","decl":{"start":{"line":17,"column":28},"end":{"line":17,"column":29}},"loc":{"start":{"line":17,"column":48},"end":{"line":27,"column":3}},"line":17}},"branchMap":{},"s":{"0":2,"1":2,"2":4,"3":4,"4":4,"5":1,"6":3,"7":2,"8":0,"9":0,"10":0,"11":0,"12":0},"f":{"0":4,"1":0},"b":{},"_coverageSchema":"1a1c01bbd47fc00a2c39e90264f33305004495a9","hash":"b196d58e8daac2f790d2875e991054d9552471c7"}
,"F:\\Estudo\\Alura\\curso\\src\\controllers\\autoresController.js": {"path":"F:\\Estudo\\Alura\\curso\\src\\controllers\\autoresController.js","statementMap":{"0":{"start":{"line":3,"column":23},"end":{"line":3,"column":43}},"1":{"start":{"line":5,"column":25},"end":{"line":13,"column":3}},"2":{"start":{"line":6,"column":4},"end":{"line":12,"column":5}},"3":{"start":{"line":7,"column":24},"end":{"line":7,"column":60}},"4":{"start":{"line":9,"column":6},"end":{"line":9,"column":45}},"5":{"start":{"line":11,"column":6},"end":{"line":11,"column":47}},"6":{"start":{"line":15,"column":28},"end":{"line":24,"column":3}},"7":{"start":{"line":16,"column":23},"end":{"line":16,"column":26}},"8":{"start":{"line":17,"column":4},"end":{"line":23,"column":5}},"9":{"start":{"line":18,"column":24},"end":{"line":18,"column":72}},"10":{"start":{"line":20,"column":6},"end":{"line":20,"column":45}},"11":{"start":{"line":22,"column":6},"end":{"line":22,"column":47}},"12":{"start":{"line":26,"column":26},"end":{"line":35,"column":3}},"13":{"start":{"line":27,"column":21},"end":{"line":27,"column":24}},"14":{"start":{"line":28,"column":4},"end":{"line":34,"column":5}},"15":{"start":{"line":29,"column":23},"end":{"line":29,"column":64}},"16":{"start":{"line":31,"column":6},"end":{"line":31,"column":44}},"17":{"start":{"line":33,"column":6},"end":{"line":33,"column":47}},"18":{"start":{"line":37,"column":26},"end":{"line":47,"column":3}},"19":{"start":{"line":38,"column":23},"end":{"line":38,"column":26}},"20":{"start":{"line":39,"column":21},"end":{"line":39,"column":24}},"21":{"start":{"line":40,"column":4},"end":{"line":46,"column":5}},"22":{"start":{"line":41,"column":23},"end":{"line":41,"column":75}},"23":{"start":{"line":43,"column":6},"end":{"line":43,"column":44}},"24":{"start":{"line":45,"column":6},"end":{"line":45,"column":47}},"25":{"start":{"line":49,"column":24},"end":{"line":58,"column":3}},"26":{"start":{"line":50,"column":23},"end":{"line":50,"column":26}},"27":{"start":{"line":51,"column":4},"end":{"line":57,"column":5}},"28":{"start":{"line":52,"column":22},"end":{"line":52,"column":66}},"29":{"start":{"line":54,"column":6},"end":{"line":54,"column":43}},"30":{"start":{"line":56,"column":6},"end":{"line":56,"column":47}},"31":{"start":{"line":60,"column":32},"end":{"line":69,"column":3}},"32":{"start":{"line":61,"column":23},"end":{"line":61,"column":26}},"33":{"start":{"line":62,"column":4},"end":{"line":68,"column":5}},"34":{"start":{"line":63,"column":24},"end":{"line":63,"column":76}},"35":{"start":{"line":65,"column":6},"end":{"line":65,"column":45}},"36":{"start":{"line":67,"column":6},"end":{"line":67,"column":47}}},"fnMap":{"0":{"name":"(anonymous_0)","decl":{"start":{"line":5,"column":25},"end":{"line":5,"column":26}},"loc":{"start":{"line":5,"column":45},"end":{"line":13,"column":3}},"line":5},"1":{"name":"(anonymous_1)","decl":{"start":{"line":15,"column":28},"end":{"line":15,"column":29}},"loc":{"start":{"line":15,"column":48},"end":{"line":24,"column":3}},"line":15},"2":{"name":"(anonymous_2)","decl":{"start":{"line":26,"column":26},"end":{"line":26,"column":27}},"loc":{"start":{"line":26,"column":46},"end":{"line":35,"column":3}},"line":26},"3":{"name":"(anonymous_3)","decl":{"start":{"line":37,"column":26},"end":{"line":37,"column":27}},"loc":{"start":{"line":37,"column":46},"end":{"line":47,"column":3}},"line":37},"4":{"name":"(anonymous_4)","decl":{"start":{"line":49,"column":24},"end":{"line":49,"column":25}},"loc":{"start":{"line":49,"column":44},"end":{"line":58,"column":3}},"line":49},"5":{"name":"(anonymous_5)","decl":{"start":{"line":60,"column":32},"end":{"line":60,"column":33}},"loc":{"start":{"line":60,"column":52},"end":{"line":69,"column":3}},"line":60}},"branchMap":{},"s":{"0":2,"1":2,"2":0,"3":0,"4":0,"5":0,"6":2,"7":0,"8":0,"9":0,"10":0,"11":0,"12":2,"13":0,"14":0,"15":0,"16":0,"17":0,"18":2,"19":0,"20":0,"21":0,"22":0,"23":0,"24":0,"25":2,"26":0,"27":0,"28":0,"29":0,"30":0,"31":2,"32":0,"33":0,"34":0,"35":0,"36":0},"f":{"0":0,"1":0,"2":0,"3":0,"4":0,"5":0},"b":{},"_coverageSchema":"1a1c01bbd47fc00a2c39e90264f33305004495a9","hash":"38a499d8edec7fd4bd72f5e568556576bdf2059d"}
,"F:\\Estudo\\Alura\\curso\\src\\controllers\\editorasController.js": {"path":"F:\\Estudo\\Alura\\curso\\src\\controllers\\editorasController.js","statementMap":{"0":{"start":{"line":3,"column":24},"end":{"line":3,"column":45}},"1":{"start":{"line":5,"column":26},"end":{"line":13,"column":3}},"2":{"start":{"line":6,"column":4},"end":{"line":12,"column":5}},"3":{"start":{"line":7,"column":24},"end":{"line":7,"column":62}},"4":{"start":{"line":9,"column":6},"end":{"line":9,"column":45}},"5":{"start":{"line":11,"column":6},"end":{"line":11,"column":47}},"6":{"start":{"line":15,"column":30},"end":{"line":24,"column":3}},"7":{"start":{"line":16,"column":23},"end":{"line":16,"column":26}},"8":{"start":{"line":17,"column":4},"end":{"line":23,"column":5}},"9":{"start":{"line":18,"column":24},"end":{"line":18,"column":75}},"10":{"start":{"line":20,"column":6},"end":{"line":20,"column":45}},"11":{"start":{"line":22,"column":6},"end":{"line":22,"column":47}},"12":{"start":{"line":26,"column":28},"end":{"line":39,"column":3}},"13":{"start":{"line":27,"column":21},"end":{"line":27,"column":24}},"14":{"start":{"line":28,"column":4},"end":{"line":38,"column":5}},"15":{"start":{"line":29,"column":23},"end":{"line":29,"column":67}},"16":{"start":{"line":31,"column":6},"end":{"line":31,"column":44}},"17":{"start":{"line":33,"column":6},"end":{"line":35,"column":7}},"18":{"start":{"line":34,"column":8},"end":{"line":34,"column":49}},"19":{"start":{"line":37,"column":6},"end":{"line":37,"column":47}},"20":{"start":{"line":41,"column":28},"end":{"line":51,"column":3}},"21":{"start":{"line":42,"column":23},"end":{"line":42,"column":26}},"22":{"start":{"line":43,"column":21},"end":{"line":43,"column":24}},"23":{"start":{"line":44,"column":4},"end":{"line":50,"column":5}},"24":{"start":{"line":45,"column":23},"end":{"line":45,"column":78}},"25":{"start":{"line":47,"column":6},"end":{"line":47,"column":44}},"26":{"start":{"line":49,"column":6},"end":{"line":49,"column":47}},"27":{"start":{"line":53,"column":26},"end":{"line":61,"column":3}},"28":{"start":{"line":54,"column":23},"end":{"line":54,"column":26}},"29":{"start":{"line":55,"column":4},"end":{"line":60,"column":5}},"30":{"start":{"line":56,"column":22},"end":{"line":56,"column":69}},"31":{"start":{"line":57,"column":6},"end":{"line":57,"column":43}},"32":{"start":{"line":59,"column":6},"end":{"line":59,"column":47}},"33":{"start":{"line":63,"column":34},"end":{"line":72,"column":3}},"34":{"start":{"line":64,"column":23},"end":{"line":64,"column":26}},"35":{"start":{"line":65,"column":4},"end":{"line":71,"column":5}},"36":{"start":{"line":66,"column":24},"end":{"line":66,"column":79}},"37":{"start":{"line":68,"column":6},"end":{"line":68,"column":45}},"38":{"start":{"line":70,"column":6},"end":{"line":70,"column":47}}},"fnMap":{"0":{"name":"(anonymous_0)","decl":{"start":{"line":5,"column":26},"end":{"line":5,"column":27}},"loc":{"start":{"line":5,"column":46},"end":{"line":13,"column":3}},"line":5},"1":{"name":"(anonymous_1)","decl":{"start":{"line":15,"column":30},"end":{"line":15,"column":31}},"loc":{"start":{"line":15,"column":50},"end":{"line":24,"column":3}},"line":15},"2":{"name":"(anonymous_2)","decl":{"start":{"line":26,"column":28},"end":{"line":26,"column":29}},"loc":{"start":{"line":26,"column":48},"end":{"line":39,"column":3}},"line":26},"3":{"name":"(anonymous_3)","decl":{"start":{"line":41,"column":28},"end":{"line":41,"column":29}},"loc":{"start":{"line":41,"column":48},"end":{"line":51,"column":3}},"line":41},"4":{"name":"(anonymous_4)","decl":{"start":{"line":53,"column":26},"end":{"line":53,"column":27}},"loc":{"start":{"line":53,"column":46},"end":{"line":61,"column":3}},"line":53},"5":{"name":"(anonymous_5)","decl":{"start":{"line":63,"column":34},"end":{"line":63,"column":35}},"loc":{"start":{"line":63,"column":54},"end":{"line":72,"column":3}},"line":63}},"branchMap":{"0":{"loc":{"start":{"line":33,"column":6},"end":{"line":35,"column":7}},"type":"if","locations":[{"start":{"line":33,"column":6},"end":{"line":35,"column":7}},{"start":{},"end":{}}],"line":33}},"s":{"0":2,"1":2,"2":0,"3":0,"4":0,"5":0,"6":2,"7":0,"8":0,"9":0,"10":0,"11":0,"12":2,"13":0,"14":0,"15":0,"16":0,"17":0,"18":0,"19":0,"20":2,"21":0,"22":0,"23":0,"24":0,"25":0,"26":0,"27":2,"28":0,"29":0,"30":0,"31":0,"32":0,"33":2,"34":0,"35":0,"36":0,"37":0,"38":0},"f":{"0":0,"1":0,"2":0,"3":0,"4":0,"5":0},"b":{"0":[0,0]},"_coverageSchema":"1a1c01bbd47fc00a2c39e90264f33305004495a9","hash":"e1fd6102cbb8f6ec2952e57d472cd472bf259ce6"}
,"F:\\Estudo\\Alura\\curso\\src\\controllers\\livrosController.js": {"path":"F:\\Estudo\\Alura\\curso\\src\\controllers\\livrosController.js","statementMap":{"0":{"start":{"line":3,"column":22},"end":{"line":3,"column":41}},"1":{"start":{"line":5,"column":24},"end":{"line":13,"column":3}},"2":{"start":{"line":6,"column":4},"end":{"line":12,"column":5}},"3":{"start":{"line":7,"column":24},"end":{"line":7,"column":58}},"4":{"start":{"line":9,"column":6},"end":{"line":9,"column":45}},"5":{"start":{"line":11,"column":6},"end":{"line":11,"column":47}},"6":{"start":{"line":15,"column":28},"end":{"line":24,"column":3}},"7":{"start":{"line":16,"column":23},"end":{"line":16,"column":26}},"8":{"start":{"line":17,"column":4},"end":{"line":23,"column":5}},"9":{"start":{"line":18,"column":24},"end":{"line":18,"column":71}},"10":{"start":{"line":20,"column":6},"end":{"line":20,"column":45}},"11":{"start":{"line":22,"column":6},"end":{"line":22,"column":47}},"12":{"start":{"line":26,"column":26},"end":{"line":35,"column":3}},"13":{"start":{"line":27,"column":21},"end":{"line":27,"column":24}},"14":{"start":{"line":28,"column":4},"end":{"line":34,"column":5}},"15":{"start":{"line":29,"column":23},"end":{"line":29,"column":63}},"16":{"start":{"line":31,"column":6},"end":{"line":31,"column":44}},"17":{"start":{"line":33,"column":6},"end":{"line":33,"column":47}},"18":{"start":{"line":37,"column":26},"end":{"line":47,"column":3}},"19":{"start":{"line":38,"column":23},"end":{"line":38,"column":26}},"20":{"start":{"line":39,"column":21},"end":{"line":39,"column":24}},"21":{"start":{"line":40,"column":4},"end":{"line":46,"column":5}},"22":{"start":{"line":41,"column":23},"end":{"line":41,"column":74}},"23":{"start":{"line":43,"column":6},"end":{"line":43,"column":44}},"24":{"start":{"line":45,"column":6},"end":{"line":45,"column":47}},"25":{"start":{"line":49,"column":24},"end":{"line":57,"column":3}},"26":{"start":{"line":50,"column":23},"end":{"line":50,"column":26}},"27":{"start":{"line":51,"column":4},"end":{"line":56,"column":5}},"28":{"start":{"line":52,"column":22},"end":{"line":52,"column":65}},"29":{"start":{"line":53,"column":6},"end":{"line":53,"column":43}},"30":{"start":{"line":55,"column":6},"end":{"line":55,"column":47}}},"fnMap":{"0":{"name":"(anonymous_0)","decl":{"start":{"line":5,"column":24},"end":{"line":5,"column":25}},"loc":{"start":{"line":5,"column":44},"end":{"line":13,"column":3}},"line":5},"1":{"name":"(anonymous_1)","decl":{"start":{"line":15,"column":28},"end":{"line":15,"column":29}},"loc":{"start":{"line":15,"column":48},"end":{"line":24,"column":3}},"line":15},"2":{"name":"(anonymous_2)","decl":{"start":{"line":26,"column":26},"end":{"line":26,"column":27}},"loc":{"start":{"line":26,"column":46},"end":{"line":35,"column":3}},"line":26},"3":{"name":"(anonymous_3)","decl":{"start":{"line":37,"column":26},"end":{"line":37,"column":27}},"loc":{"start":{"line":37,"column":46},"end":{"line":47,"column":3}},"line":37},"4":{"name":"(anonymous_4)","decl":{"start":{"line":49,"column":24},"end":{"line":49,"column":25}},"loc":{"start":{"line":49,"column":44},"end":{"line":57,"column":3}},"line":49}},"branchMap":{},"s":{"0":2,"1":2,"2":0,"3":0,"4":0,"5":0,"6":2,"7":0,"8":0,"9":0,"10":0,"11":0,"12":2,"13":0,"14":0,"15":0,"16":0,"17":0,"18":2,"19":0,"20":0,"21":0,"22":0,"23":0,"24":0,"25":2,"26":0,"27":0,"28":0,"29":0,"30":0},"f":{"0":0,"1":0,"2":0,"3":0,"4":0},"b":{},"_coverageSchema":"1a1c01bbd47fc00a2c39e90264f33305004495a9","hash":"c65d87a1f0236138d0f22a13edb38cd29dde363d"}
,"F:\\Estudo\\Alura\\curso\\src\\controllers\\livrosImagensController.js": {"path":"F:\\Estudo\\Alura\\curso\\src\\controllers\\livrosImagensController.js","statementMap":{"0":{"start":{"line":3,"column":29},"end":{"line":3,"column":55}},"1":{"start":{"line":5,"column":25},"end":{"line":13,"column":3}},"2":{"start":{"line":6,"column":4},"end":{"line":12,"column":5}},"3":{"start":{"line":7,"column":24},"end":{"line":7,"column":66}},"4":{"start":{"line":9,"column":6},"end":{"line":9,"column":45}},"5":{"start":{"line":11,"column":6},"end":{"line":11,"column":47}},"6":{"start":{"line":15,"column":29},"end":{"line":24,"column":3}},"7":{"start":{"line":16,"column":23},"end":{"line":16,"column":26}},"8":{"start":{"line":17,"column":4},"end":{"line":23,"column":5}},"9":{"start":{"line":18,"column":24},"end":{"line":18,"column":79}},"10":{"start":{"line":20,"column":6},"end":{"line":20,"column":45}},"11":{"start":{"line":22,"column":6},"end":{"line":22,"column":47}},"12":{"start":{"line":26,"column":27},"end":{"line":34,"column":3}},"13":{"start":{"line":27,"column":4},"end":{"line":33,"column":5}},"14":{"start":{"line":28,"column":23},"end":{"line":28,"column":70}},"15":{"start":{"line":30,"column":6},"end":{"line":30,"column":44}},"16":{"start":{"line":32,"column":6},"end":{"line":32,"column":47}},"17":{"start":{"line":36,"column":27},"end":{"line":46,"column":3}},"18":{"start":{"line":37,"column":23},"end":{"line":37,"column":26}},"19":{"start":{"line":38,"column":21},"end":{"line":38,"column":24}},"20":{"start":{"line":39,"column":4},"end":{"line":45,"column":5}},"21":{"start":{"line":40,"column":23},"end":{"line":40,"column":82}},"22":{"start":{"line":42,"column":6},"end":{"line":42,"column":44}},"23":{"start":{"line":44,"column":6},"end":{"line":44,"column":47}},"24":{"start":{"line":48,"column":30},"end":{"line":56,"column":3}},"25":{"start":{"line":49,"column":23},"end":{"line":49,"column":26}},"26":{"start":{"line":50,"column":4},"end":{"line":55,"column":5}},"27":{"start":{"line":51,"column":22},"end":{"line":51,"column":78}},"28":{"start":{"line":52,"column":6},"end":{"line":52,"column":43}},"29":{"start":{"line":54,"column":6},"end":{"line":54,"column":47}}},"fnMap":{"0":{"name":"(anonymous_0)","decl":{"start":{"line":5,"column":25},"end":{"line":5,"column":26}},"loc":{"start":{"line":5,"column":45},"end":{"line":13,"column":3}},"line":5},"1":{"name":"(anonymous_1)","decl":{"start":{"line":15,"column":29},"end":{"line":15,"column":30}},"loc":{"start":{"line":15,"column":49},"end":{"line":24,"column":3}},"line":15},"2":{"name":"(anonymous_2)","decl":{"start":{"line":26,"column":27},"end":{"line":26,"column":28}},"loc":{"start":{"line":26,"column":47},"end":{"line":34,"column":3}},"line":26},"3":{"name":"(anonymous_3)","decl":{"start":{"line":36,"column":27},"end":{"line":36,"column":28}},"loc":{"start":{"line":36,"column":47},"end":{"line":46,"column":3}},"line":36},"4":{"name":"(anonymous_4)","decl":{"start":{"line":48,"column":30},"end":{"line":48,"column":31}},"loc":{"start":{"line":48,"column":50},"end":{"line":56,"column":3}},"line":48}},"branchMap":{},"s":{"0":2,"1":2,"2":0,"3":0,"4":0,"5":0,"6":2,"7":0,"8":0,"9":0,"10":0,"11":0,"12":2,"13":0,"14":0,"15":0,"16":0,"17":2,"18":0,"19":0,"20":0,"21":0,"22":0,"23":0,"24":2,"25":0,"26":0,"27":0,"28":0,"29":0},"f":{"0":0,"1":0,"2":0,"3":0,"4":0},"b":{},"_coverageSchema":"1a1c01bbd47fc00a2c39e90264f33305004495a9","hash":"085acef908aa2eee9372fcf7b349e30a47cc66ed"}
,"F:\\Estudo\\Alura\\curso\\src\\controllers\\usuariosController.js": {"path":"F:\\Estudo\\Alura\\curso\\src\\controllers\\usuariosController.js","statementMap":{"0":{"start":{"line":3,"column":24},"end":{"line":3,"column":45}},"1":{"start":{"line":6,"column":26},"end":{"line":14,"column":3}},"2":{"start":{"line":7,"column":4},"end":{"line":13,"column":5}},"3":{"start":{"line":8,"column":24},"end":{"line":8,"column":62}},"4":{"start":{"line":10,"column":6},"end":{"line":10,"column":45}},"5":{"start":{"line":12,"column":6},"end":{"line":12,"column":47}},"6":{"start":{"line":16,"column":30},"end":{"line":25,"column":3}},"7":{"start":{"line":17,"column":23},"end":{"line":17,"column":26}},"8":{"start":{"line":18,"column":4},"end":{"line":24,"column":5}},"9":{"start":{"line":19,"column":24},"end":{"line":19,"column":75}},"10":{"start":{"line":21,"column":6},"end":{"line":21,"column":45}},"11":{"start":{"line":23,"column":6},"end":{"line":23,"column":47}},"12":{"start":{"line":27,"column":28},"end":{"line":37,"column":3}},"13":{"start":{"line":28,"column":23},"end":{"line":28,"column":26}},"14":{"start":{"line":29,"column":21},"end":{"line":29,"column":24}},"15":{"start":{"line":30,"column":4},"end":{"line":36,"column":5}},"16":{"start":{"line":31,"column":23},"end":{"line":31,"column":78}},"17":{"start":{"line":33,"column":6},"end":{"line":33,"column":44}},"18":{"start":{"line":35,"column":6},"end":{"line":35,"column":47}},"19":{"start":{"line":39,"column":26},"end":{"line":47,"column":3}},"20":{"start":{"line":40,"column":23},"end":{"line":40,"column":26}},"21":{"start":{"line":41,"column":4},"end":{"line":46,"column":5}},"22":{"start":{"line":42,"column":22},"end":{"line":42,"column":69}},"23":{"start":{"line":43,"column":6},"end":{"line":43,"column":43}},"24":{"start":{"line":45,"column":6},"end":{"line":45,"column":47}}},"fnMap":{"0":{"name":"(anonymous_0)","decl":{"start":{"line":6,"column":26},"end":{"line":6,"column":27}},"loc":{"start":{"line":6,"column":46},"end":{"line":14,"column":3}},"line":6},"1":{"name":"(anonymous_1)","decl":{"start":{"line":16,"column":30},"end":{"line":16,"column":31}},"loc":{"start":{"line":16,"column":50},"end":{"line":25,"column":3}},"line":16},"2":{"name":"(anonymous_2)","decl":{"start":{"line":27,"column":28},"end":{"line":27,"column":29}},"loc":{"start":{"line":27,"column":48},"end":{"line":37,"column":3}},"line":27},"3":{"name":"(anonymous_3)","decl":{"start":{"line":39,"column":26},"end":{"line":39,"column":27}},"loc":{"start":{"line":39,"column":46},"end":{"line":47,"column":3}},"line":39}},"branchMap":{},"s":{"0":2,"1":2,"2":0,"3":0,"4":0,"5":0,"6":2,"7":0,"8":0,"9":0,"10":0,"11":0,"12":2,"13":0,"14":0,"15":0,"16":0,"17":0,"18":0,"19":2,"20":0,"21":0,"22":0,"23":0,"24":0},"f":{"0":0,"1":0,"2":0,"3":0},"b":{},"_coverageSchema":"1a1c01bbd47fc00a2c39e90264f33305004495a9","hash":"6aa3a9f7489f4e73ae689a13877d350b5ad89b9f"}
,"F:\\Estudo\\Alura\\curso\\src\\db\\dbconfig.js": {"path":"F:\\Estudo\\Alura\\curso\\src\\db\\dbconfig.js","statementMap":{"0":{"start":{"line":5,"column":19},"end":{"line":5,"column":49}},"1":{"start":{"line":6,"column":18},"end":{"line":6,"column":42}},"2":{"start":{"line":8,"column":11},"end":{"line":14,"column":2}}},"fnMap":{},"branchMap":{},"s":{"0":7,"1":7,"2":7},"f":{},"b":{},"_coverageSchema":"1a1c01bbd47fc00a2c39e90264f33305004495a9","hash":"5b1b6733942fa8192040b9baf25fcbe2dd32505c"}
,"F:\\Estudo\\Alura\\curso\\src\\middleware\\autenticado.js": {"path":"F:\\Estudo\\Alura\\curso\\src\\middleware\\autenticado.js","statementMap":{"0":{"start":{"line":6,"column":16},"end":{"line":6,"column":41}},"1":{"start":{"line":8,"column":2},"end":{"line":10,"column":3}},"2":{"start":{"line":9,"column":4},"end":{"line":9,"column":62}},"3":{"start":{"line":12,"column":26},"end":{"line":12,"column":42}},"4":{"start":{"line":14,"column":2},"end":{"line":25,"column":3}},"5":{"start":{"line":15,"column":4},"end":{"line":15,"column":59}},"6":{"start":{"line":17,"column":26},"end":{"line":17,"column":64}},"7":{"start":{"line":19,"column":4},"end":{"line":19,"column":23}},"8":{"start":{"line":20,"column":4},"end":{"line":20,"column":29}},"9":{"start":{"line":22,"column":4},"end":{"line":22,"column":18}},"10":{"start":{"line":24,"column":4},"end":{"line":24,"column":51}}},"fnMap":{"0":{"name":"(anonymous_0)","decl":{"start":{"line":5,"column":15},"end":{"line":5,"column":16}},"loc":{"start":{"line":5,"column":41},"end":{"line":26,"column":1}},"line":5}},"branchMap":{"0":{"loc":{"start":{"line":8,"column":2},"end":{"line":10,"column":3}},"type":"if","locations":[{"start":{"line":8,"column":2},"end":{"line":10,"column":3}},{"start":{},"end":{}}],"line":8}},"s":{"0":8,"1":8,"2":8,"3":0,"4":0,"5":0,"6":0,"7":0,"8":0,"9":0,"10":0},"f":{"0":8},"b":{"0":[8,0]},"_coverageSchema":"1a1c01bbd47fc00a2c39e90264f33305004495a9","hash":"89d65b15d124226791bd2b35b199f081aafa8007"}
,"F:\\Estudo\\Alura\\curso\\src\\models\\aluguel_livro.js": {"path":"F:\\Estudo\\Alura\\curso\\src\\models\\aluguel_livro.js","statementMap":{"0":{"start":{"line":15,"column":4},"end":{"line":15,"column":25}},"1":{"start":{"line":16,"column":4},"end":{"line":16,"column":29}},"2":{"start":{"line":17,"column":4},"end":{"line":17,"column":33}},"3":{"start":{"line":18,"column":4},"end":{"line":18,"column":39}},"4":{"start":{"line":19,"column":4},"end":{"line":19,"column":27}},"5":{"start":{"line":20,"column":4},"end":{"line":20,"column":61}},"6":{"start":{"line":21,"column":4},"end":{"line":21,"column":61}},"7":{"start":{"line":25,"column":4},"end":{"line":25,"column":48}},"8":{"start":{"line":29,"column":22},"end":{"line":29,"column":78}},"9":{"start":{"line":30,"column":4},"end":{"line":30,"column":24}},"10":{"start":{"line":34,"column":4},"end":{"line":37,"column":79}},"11":{"start":{"line":35,"column":32},"end":{"line":36,"column":39}},"12":{"start":{"line":37,"column":37},"end":{"line":37,"column":77}},"13":{"start":{"line":42,"column":4},"end":{"line":44,"column":65}},"14":{"start":{"line":46,"column":4},"end":{"line":46,"column":62}},"15":{"start":{"line":51,"column":4},"end":{"line":53,"column":13}},"16":{"start":{"line":60,"column":4},"end":{"line":63,"column":5}},"17":{"start":{"line":61,"column":24},"end":{"line":61,"column":53}},"18":{"start":{"line":62,"column":6},"end":{"line":62,"column":23}},"19":{"start":{"line":64,"column":22},"end":{"line":64,"column":40}},"20":{"start":{"line":65,"column":4},"end":{"line":65,"column":21}}},"fnMap":{"0":{"name":"(anonymous_0)","decl":{"start":{"line":6,"column":2},"end":{"line":6,"column":3}},"loc":{"start":{"line":14,"column":5},"end":{"line":22,"column":3}},"line":14},"1":{"name":"(anonymous_1)","decl":{"start":{"line":24,"column":2},"end":{"line":24,"column":3}},"loc":{"start":{"line":24,"column":36},"end":{"line":26,"column":3}},"line":24},"2":{"name":"(anonymous_2)","decl":{"start":{"line":28,"column":2},"end":{"line":28,"column":3}},"loc":{"start":{"line":28,"column":31},"end":{"line":31,"column":3}},"line":28},"3":{"name":"(anonymous_3)","decl":{"start":{"line":33,"column":2},"end":{"line":33,"column":3}},"loc":{"start":{"line":33,"column":16},"end":{"line":38,"column":3}},"line":33},"4":{"name":"(anonymous_4)","decl":{"start":{"line":35,"column":12},"end":{"line":35,"column":13}},"loc":{"start":{"line":35,"column":32},"end":{"line":36,"column":39}},"line":35},"5":{"name":"(anonymous_5)","decl":{"start":{"line":37,"column":12},"end":{"line":37,"column":13}},"loc":{"start":{"line":37,"column":37},"end":{"line":37,"column":77}},"line":37},"6":{"name":"(anonymous_6)","decl":{"start":{"line":40,"column":2},"end":{"line":40,"column":3}},"loc":{"start":{"line":40,"column":22},"end":{"line":47,"column":3}},"line":40},"7":{"name":"(anonymous_7)","decl":{"start":{"line":49,"column":2},"end":{"line":49,"column":3}},"loc":{"start":{"line":49,"column":27},"end":{"line":54,"column":3}},"line":49},"8":{"name":"(anonymous_8)","decl":{"start":{"line":56,"column":2},"end":{"line":56,"column":3}},"loc":{"start":{"line":56,"column":17},"end":{"line":66,"column":3}},"line":56}},"branchMap":{"0":{"loc":{"start":{"line":15,"column":14},"end":{"line":15,"column":24}},"type":"binary-expr","locations":[{"start":{"line":15,"column":14},"end":{"line":15,"column":18}},{"start":{"line":15,"column":22},"end":{"line":15,"column":24}}],"line":15},"1":{"loc":{"start":{"line":20,"column":22},"end":{"line":20,"column":60}},"type":"binary-expr","locations":[{"start":{"line":20,"column":22},"end":{"line":20,"column":32}},{"start":{"line":20,"column":36},"end":{"line":20,"column":60}}],"line":20},"2":{"loc":{"start":{"line":21,"column":22},"end":{"line":21,"column":60}},"type":"binary-expr","locations":[{"start":{"line":21,"column":22},"end":{"line":21,"column":32}},{"start":{"line":21,"column":36},"end":{"line":21,"column":60}}],"line":21},"3":{"loc":{"start":{"line":60,"column":4},"end":{"line":63,"column":5}},"type":"if","locations":[{"start":{"line":60,"column":4},"end":{"line":63,"column":5}},{"start":{},"end":{}}],"line":60}},"s":{"0":0,"1":0,"2":0,"3":0,"4":0,"5":0,"6":0,"7":0,"8":0,"9":0,"10":0,"11":0,"12":0,"13":0,"14":0,"15":0,"16":0,"17":0,"18":0,"19":0,"20":0},"f":{"0":0,"1":0,"2":0,"3":0,"4":0,"5":0,"6":0,"7":0,"8":0},"b":{"0":[0,0],"1":[0,0],"2":[0,0],"3":[0,0]},"_coverageSchema":"1a1c01bbd47fc00a2c39e90264f33305004495a9","hash":"e1173968c008262757f5968d610af704559867f6"}
,"F:\\Estudo\\Alura\\curso\\src\\models\\autor.js": {"path":"F:\\Estudo\\Alura\\curso\\src\\models\\autor.js","statementMap":{"0":{"start":{"line":13,"column":4},"end":{"line":13,"column":25}},"1":{"start":{"line":14,"column":4},"end":{"line":14,"column":21}},"2":{"start":{"line":15,"column":4},"end":{"line":15,"column":39}},"3":{"start":{"line":16,"column":4},"end":{"line":16,"column":61}},"4":{"start":{"line":17,"column":4},"end":{"line":17,"column":61}},"5":{"start":{"line":21,"column":4},"end":{"line":21,"column":42}},"6":{"start":{"line":25,"column":22},"end":{"line":25,"column":72}},"7":{"start":{"line":26,"column":4},"end":{"line":26,"column":24}},"8":{"start":{"line":30,"column":4},"end":{"line":33,"column":72}},"9":{"start":{"line":31,"column":32},"end":{"line":32,"column":39}},"10":{"start":{"line":33,"column":37},"end":{"line":33,"column":70}},"11":{"start":{"line":38,"column":4},"end":{"line":40,"column":65}},"12":{"start":{"line":42,"column":4},"end":{"line":42,"column":56}},"13":{"start":{"line":47,"column":4},"end":{"line":49,"column":13}},"14":{"start":{"line":56,"column":4},"end":{"line":59,"column":5}},"15":{"start":{"line":57,"column":24},"end":{"line":57,"column":53}},"16":{"start":{"line":58,"column":6},"end":{"line":58,"column":23}},"17":{"start":{"line":60,"column":22},"end":{"line":60,"column":40}},"18":{"start":{"line":61,"column":4},"end":{"line":61,"column":21}},"19":{"start":{"line":65,"column":4},"end":{"line":66,"column":36}}},"fnMap":{"0":{"name":"(anonymous_0)","decl":{"start":{"line":6,"column":2},"end":{"line":6,"column":3}},"loc":{"start":{"line":12,"column":5},"end":{"line":18,"column":3}},"line":12},"1":{"name":"(anonymous_1)","decl":{"start":{"line":20,"column":2},"end":{"line":20,"column":3}},"loc":{"start":{"line":20,"column":30},"end":{"line":22,"column":3}},"line":20},"2":{"name":"(anonymous_2)","decl":{"start":{"line":24,"column":2},"end":{"line":24,"column":3}},"loc":{"start":{"line":24,"column":31},"end":{"line":27,"column":3}},"line":24},"3":{"name":"(anonymous_3)","decl":{"start":{"line":29,"column":2},"end":{"line":29,"column":3}},"loc":{"start":{"line":29,"column":16},"end":{"line":34,"column":3}},"line":29},"4":{"name":"(anonymous_4)","decl":{"start":{"line":31,"column":12},"end":{"line":31,"column":13}},"loc":{"start":{"line":31,"column":32},"end":{"line":32,"column":39}},"line":31},"5":{"name":"(anonymous_5)","decl":{"start":{"line":33,"column":12},"end":{"line":33,"column":13}},"loc":{"start":{"line":33,"column":37},"end":{"line":33,"column":70}},"line":33},"6":{"name":"(anonymous_6)","decl":{"start":{"line":36,"column":2},"end":{"line":36,"column":3}},"loc":{"start":{"line":36,"column":22},"end":{"line":43,"column":3}},"line":36},"7":{"name":"(anonymous_7)","decl":{"start":{"line":45,"column":2},"end":{"line":45,"column":3}},"loc":{"start":{"line":45,"column":27},"end":{"line":50,"column":3}},"line":45},"8":{"name":"(anonymous_8)","decl":{"start":{"line":52,"column":2},"end":{"line":52,"column":3}},"loc":{"start":{"line":52,"column":17},"end":{"line":62,"column":3}},"line":52},"9":{"name":"(anonymous_9)","decl":{"start":{"line":64,"column":2},"end":{"line":64,"column":3}},"loc":{"start":{"line":64,"column":44},"end":{"line":67,"column":3}},"line":64}},"branchMap":{"0":{"loc":{"start":{"line":13,"column":14},"end":{"line":13,"column":24}},"type":"binary-expr","locations":[{"start":{"line":13,"column":14},"end":{"line":13,"column":18}},{"start":{"line":13,"column":22},"end":{"line":13,"column":24}}],"line":13},"1":{"loc":{"start":{"line":16,"column":22},"end":{"line":16,"column":60}},"type":"binary-expr","locations":[{"start":{"line":16,"column":22},"end":{"line":16,"column":32}},{"start":{"line":16,"column":36},"end":{"line":16,"column":60}}],"line":16},"2":{"loc":{"start":{"line":17,"column":22},"end":{"line":17,"column":60}},"type":"binary-expr","locations":[{"start":{"line":17,"column":22},"end":{"line":17,"column":32}},{"start":{"line":17,"column":36},"end":{"line":17,"column":60}}],"line":17},"3":{"loc":{"start":{"line":56,"column":4},"end":{"line":59,"column":5}},"type":"if","locations":[{"start":{"line":56,"column":4},"end":{"line":59,"column":5}},{"start":{},"end":{}}],"line":56}},"s":{"0":0,"1":0,"2":0,"3":0,"4":0,"5":0,"6":0,"7":0,"8":0,"9":0,"10":0,"11":0,"12":0,"13":0,"14":0,"15":0,"16":0,"17":0,"18":0,"19":0},"f":{"0":0,"1":0,"2":0,"3":0,"4":0,"5":0,"6":0,"7":0,"8":0,"9":0},"b":{"0":[0,0],"1":[0,0],"2":[0,0],"3":[0,0]},"_coverageSchema":"1a1c01bbd47fc00a2c39e90264f33305004495a9","hash":"4a3e42712ea02870673924548d5b93d77f608a20"}
,"F:\\Estudo\\Alura\\curso\\src\\models\\editora.js": {"path":"F:\\Estudo\\Alura\\curso\\src\\models\\editora.js","statementMap":{"0":{"start":{"line":14,"column":4},"end":{"line":14,"column":25}},"1":{"start":{"line":15,"column":4},"end":{"line":15,"column":21}},"2":{"start":{"line":16,"column":4},"end":{"line":16,"column":25}},"3":{"start":{"line":17,"column":4},"end":{"line":17,"column":23}},"4":{"start":{"line":18,"column":4},"end":{"line":18,"column":61}},"5":{"start":{"line":19,"column":4},"end":{"line":19,"column":61}},"6":{"start":{"line":23,"column":4},"end":{"line":23,"column":43}},"7":{"start":{"line":27,"column":22},"end":{"line":27,"column":73}},"8":{"start":{"line":28,"column":4},"end":{"line":28,"column":24}},"9":{"start":{"line":32,"column":4},"end":{"line":35,"column":74}},"10":{"start":{"line":33,"column":32},"end":{"line":34,"column":39}},"11":{"start":{"line":35,"column":37},"end":{"line":35,"column":72}},"12":{"start":{"line":40,"column":4},"end":{"line":42,"column":65}},"13":{"start":{"line":44,"column":4},"end":{"line":44,"column":57}},"14":{"start":{"line":49,"column":4},"end":{"line":51,"column":13}},"15":{"start":{"line":58,"column":4},"end":{"line":60,"column":5}},"16":{"start":{"line":59,"column":6},"end":{"line":59,"column":37}},"17":{"start":{"line":61,"column":4},"end":{"line":61,"column":24}},"18":{"start":{"line":65,"column":4},"end":{"line":66,"column":40}}},"fnMap":{"0":{"name":"(anonymous_0)","decl":{"start":{"line":6,"column":2},"end":{"line":6,"column":3}},"loc":{"start":{"line":13,"column":5},"end":{"line":20,"column":3}},"line":13},"1":{"name":"(anonymous_1)","decl":{"start":{"line":22,"column":2},"end":{"line":22,"column":3}},"loc":{"start":{"line":22,"column":31},"end":{"line":24,"column":3}},"line":22},"2":{"name":"(anonymous_2)","decl":{"start":{"line":26,"column":2},"end":{"line":26,"column":3}},"loc":{"start":{"line":26,"column":31},"end":{"line":29,"column":3}},"line":26},"3":{"name":"(anonymous_3)","decl":{"start":{"line":31,"column":2},"end":{"line":31,"column":3}},"loc":{"start":{"line":31,"column":16},"end":{"line":36,"column":3}},"line":31},"4":{"name":"(anonymous_4)","decl":{"start":{"line":33,"column":12},"end":{"line":33,"column":13}},"loc":{"start":{"line":33,"column":32},"end":{"line":34,"column":39}},"line":33},"5":{"name":"(anonymous_5)","decl":{"start":{"line":35,"column":12},"end":{"line":35,"column":13}},"loc":{"start":{"line":35,"column":37},"end":{"line":35,"column":72}},"line":35},"6":{"name":"(anonymous_6)","decl":{"start":{"line":38,"column":2},"end":{"line":38,"column":3}},"loc":{"start":{"line":38,"column":22},"end":{"line":45,"column":3}},"line":38},"7":{"name":"(anonymous_7)","decl":{"start":{"line":47,"column":2},"end":{"line":47,"column":3}},"loc":{"start":{"line":47,"column":27},"end":{"line":52,"column":3}},"line":47},"8":{"name":"(anonymous_8)","decl":{"start":{"line":54,"column":2},"end":{"line":54,"column":3}},"loc":{"start":{"line":54,"column":17},"end":{"line":62,"column":3}},"line":54},"9":{"name":"(anonymous_9)","decl":{"start":{"line":64,"column":2},"end":{"line":64,"column":3}},"loc":{"start":{"line":64,"column":48},"end":{"line":67,"column":3}},"line":64}},"branchMap":{"0":{"loc":{"start":{"line":14,"column":14},"end":{"line":14,"column":24}},"type":"binary-expr","locations":[{"start":{"line":14,"column":14},"end":{"line":14,"column":18}},{"start":{"line":14,"column":22},"end":{"line":14,"column":24}}],"line":14},"1":{"loc":{"start":{"line":18,"column":22},"end":{"line":18,"column":60}},"type":"binary-expr","locations":[{"start":{"line":18,"column":22},"end":{"line":18,"column":32}},{"start":{"line":18,"column":36},"end":{"line":18,"column":60}}],"line":18},"2":{"loc":{"start":{"line":19,"column":22},"end":{"line":19,"column":60}},"type":"binary-expr","locations":[{"start":{"line":19,"column":22},"end":{"line":19,"column":32}},{"start":{"line":19,"column":36},"end":{"line":19,"column":60}}],"line":19},"3":{"loc":{"start":{"line":58,"column":4},"end":{"line":60,"column":5}},"type":"if","locations":[{"start":{"line":58,"column":4},"end":{"line":60,"column":5}},{"start":{},"end":{}}],"line":58}},"s":{"0":2,"1":2,"2":2,"3":2,"4":2,"5":2,"6":0,"7":0,"8":0,"9":0,"10":0,"11":0,"12":0,"13":0,"14":0,"15":0,"16":0,"17":0,"18":0},"f":{"0":2,"1":0,"2":0,"3":0,"4":0,"5":0,"6":0,"7":0,"8":0,"9":0},"b":{"0":[2,2],"1":[2,2],"2":[2,2],"3":[0,0]},"_coverageSchema":"1a1c01bbd47fc00a2c39e90264f33305004495a9","hash":"416887d3c1c4543032b5a3b3891dce7c0d7dd330"}
,"F:\\Estudo\\Alura\\curso\\src\\models\\livro.js": {"path":"F:\\Estudo\\Alura\\curso\\src\\models\\livro.js","statementMap":{"0":{"start":{"line":15,"column":4},"end":{"line":15,"column":25}},"1":{"start":{"line":16,"column":4},"end":{"line":16,"column":25}},"2":{"start":{"line":17,"column":4},"end":{"line":17,"column":27}},"3":{"start":{"line":18,"column":4},"end":{"line":18,"column":33}},"4":{"start":{"line":19,"column":4},"end":{"line":19,"column":29}},"5":{"start":{"line":20,"column":4},"end":{"line":20,"column":61}},"6":{"start":{"line":21,"column":4},"end":{"line":21,"column":61}},"7":{"start":{"line":25,"column":4},"end":{"line":30,"column":9}},"8":{"start":{"line":27,"column":24},"end":{"line":27,"column":132}},"9":{"start":{"line":27,"column":48},"end":{"line":27,"column":131}},"10":{"start":{"line":27,"column":98},"end":{"line":27,"column":129}},"11":{"start":{"line":29,"column":8},"end":{"line":29,"column":36}},"12":{"start":{"line":34,"column":4},"end":{"line":35,"column":36}},"13":{"start":{"line":39,"column":22},"end":{"line":39,"column":71}},"14":{"start":{"line":40,"column":20},"end":{"line":40,"column":53}},"15":{"start":{"line":41,"column":4},"end":{"line":41,"column":44}},"16":{"start":{"line":45,"column":4},"end":{"line":48,"column":72}},"17":{"start":{"line":46,"column":32},"end":{"line":47,"column":39}},"18":{"start":{"line":48,"column":37},"end":{"line":48,"column":70}},"19":{"start":{"line":53,"column":4},"end":{"line":55,"column":65}},"20":{"start":{"line":57,"column":4},"end":{"line":57,"column":55}},"21":{"start":{"line":62,"column":4},"end":{"line":64,"column":13}},"22":{"start":{"line":71,"column":4},"end":{"line":74,"column":5}},"23":{"start":{"line":72,"column":24},"end":{"line":72,"column":53}},"24":{"start":{"line":73,"column":6},"end":{"line":73,"column":23}},"25":{"start":{"line":75,"column":22},"end":{"line":75,"column":40}},"26":{"start":{"line":76,"column":4},"end":{"line":76,"column":21}}},"fnMap":{"0":{"name":"(anonymous_0)","decl":{"start":{"line":6,"column":2},"end":{"line":6,"column":3}},"loc":{"start":{"line":14,"column":5},"end":{"line":22,"column":3}},"line":14},"1":{"name":"(anonymous_1)","decl":{"start":{"line":24,"column":2},"end":{"line":24,"column":3}},"loc":{"start":{"line":24,"column":29},"end":{"line":31,"column":3}},"line":24},"2":{"name":"(anonymous_2)","decl":{"start":{"line":26,"column":12},"end":{"line":26,"column":13}},"loc":{"start":{"line":26,"column":22},"end":{"line":30,"column":7}},"line":26},"3":{"name":"(anonymous_3)","decl":{"start":{"line":27,"column":33},"end":{"line":27,"column":34}},"loc":{"start":{"line":27,"column":48},"end":{"line":27,"column":131}},"line":27},"4":{"name":"(anonymous_4)","decl":{"start":{"line":27,"column":85},"end":{"line":27,"column":86}},"loc":{"start":{"line":27,"column":98},"end":{"line":27,"column":129}},"line":27},"5":{"name":"(anonymous_5)","decl":{"start":{"line":33,"column":2},"end":{"line":33,"column":3}},"loc":{"start":{"line":33,"column":43},"end":{"line":36,"column":3}},"line":33},"6":{"name":"(anonymous_6)","decl":{"start":{"line":38,"column":2},"end":{"line":38,"column":3}},"loc":{"start":{"line":38,"column":31},"end":{"line":42,"column":3}},"line":38},"7":{"name":"(anonymous_7)","decl":{"start":{"line":44,"column":2},"end":{"line":44,"column":3}},"loc":{"start":{"line":44,"column":16},"end":{"line":49,"column":3}},"line":44},"8":{"name":"(anonymous_8)","decl":{"start":{"line":46,"column":12},"end":{"line":46,"column":13}},"loc":{"start":{"line":46,"column":32},"end":{"line":47,"column":39}},"line":46},"9":{"name":"(anonymous_9)","decl":{"start":{"line":48,"column":12},"end":{"line":48,"column":13}},"loc":{"start":{"line":48,"column":37},"end":{"line":48,"column":70}},"line":48},"10":{"name":"(anonymous_10)","decl":{"start":{"line":51,"column":2},"end":{"line":51,"column":3}},"loc":{"start":{"line":51,"column":22},"end":{"line":58,"column":3}},"line":51},"11":{"name":"(anonymous_11)","decl":{"start":{"line":60,"column":2},"end":{"line":60,"column":3}},"loc":{"start":{"line":60,"column":27},"end":{"line":65,"column":3}},"line":60},"12":{"name":"(anonymous_12)","decl":{"start":{"line":67,"column":2},"end":{"line":67,"column":3}},"loc":{"start":{"line":67,"column":17},"end":{"line":77,"column":3}},"line":67}},"branchMap":{"0":{"loc":{"start":{"line":15,"column":14},"end":{"line":15,"column":24}},"type":"binary-expr","locations":[{"start":{"line":15,"column":14},"end":{"line":15,"column":18}},{"start":{"line":15,"column":22},"end":{"line":15,"column":24}}],"line":15},"1":{"loc":{"start":{"line":20,"column":22},"end":{"line":20,"column":60}},"type":"binary-expr","locations":[{"start":{"line":20,"column":22},"end":{"line":20,"column":32}},{"start":{"line":20,"column":36},"end":{"line":20,"column":60}}],"line":20},"2":{"loc":{"start":{"line":21,"column":22},"end":{"line":21,"column":60}},"type":"binary-expr","locations":[{"start":{"line":21,"column":22},"end":{"line":21,"column":32}},{"start":{"line":21,"column":36},"end":{"line":21,"column":60}}],"line":21},"3":{"loc":{"start":{"line":71,"column":4},"end":{"line":74,"column":5}},"type":"if","locations":[{"start":{"line":71,"column":4},"end":{"line":74,"column":5}},{"start":{},"end":{}}],"line":71}},"s":{"0":0,"1":0,"2":0,"3":0,"4":0,"5":0,"6":0,"7":0,"8":0,"9":0,"10":0,"11":0,"12":0,"13":0,"14":0,"15":0,"16":0,"17":0,"18":0,"19":0,"20":0,"21":0,"22":0,"23":0,"24":0,"25":0,"26":0},"f":{"0":0,"1":0,"2":0,"3":0,"4":0,"5":0,"6":0,"7":0,"8":0,"9":0,"10":0,"11":0,"12":0},"b":{"0":[0,0],"1":[0,0],"2":[0,0],"3":[0,0]},"_coverageSchema":"1a1c01bbd47fc00a2c39e90264f33305004495a9","hash":"ed30d3eaee0176784bf28c84defb1ea60a026700"}
,"F:\\Estudo\\Alura\\curso\\src\\models\\livro_imagem.js": {"path":"F:\\Estudo\\Alura\\curso\\src\\models\\livro_imagem.js","statementMap":{"0":{"start":{"line":16,"column":4},"end":{"line":16,"column":25}},"1":{"start":{"line":17,"column":4},"end":{"line":17,"column":29}},"2":{"start":{"line":18,"column":4},"end":{"line":18,"column":29}},"3":{"start":{"line":19,"column":4},"end":{"line":19,"column":29}},"4":{"start":{"line":20,"column":4},"end":{"line":20,"column":21}},"5":{"start":{"line":21,"column":4},"end":{"line":21,"column":25}},"6":{"start":{"line":22,"column":4},"end":{"line":22,"column":61}},"7":{"start":{"line":23,"column":4},"end":{"line":23,"column":61}},"8":{"start":{"line":27,"column":4},"end":{"line":27,"column":49}},"9":{"start":{"line":31,"column":22},"end":{"line":31,"column":79}},"10":{"start":{"line":32,"column":4},"end":{"line":32,"column":24}},"11":{"start":{"line":36,"column":4},"end":{"line":39,"column":78}},"12":{"start":{"line":37,"column":32},"end":{"line":38,"column":39}},"13":{"start":{"line":39,"column":37},"end":{"line":39,"column":76}},"14":{"start":{"line":44,"column":4},"end":{"line":46,"column":65}},"15":{"start":{"line":48,"column":4},"end":{"line":48,"column":63}},"16":{"start":{"line":53,"column":4},"end":{"line":55,"column":13}},"17":{"start":{"line":62,"column":4},"end":{"line":65,"column":5}},"18":{"start":{"line":63,"column":24},"end":{"line":63,"column":53}},"19":{"start":{"line":64,"column":6},"end":{"line":64,"column":23}},"20":{"start":{"line":66,"column":22},"end":{"line":66,"column":40}},"21":{"start":{"line":67,"column":4},"end":{"line":67,"column":21}}},"fnMap":{"0":{"name":"(anonymous_0)","decl":{"start":{"line":6,"column":2},"end":{"line":6,"column":3}},"loc":{"start":{"line":15,"column":5},"end":{"line":24,"column":3}},"line":15},"1":{"name":"(anonymous_1)","decl":{"start":{"line":26,"column":2},"end":{"line":26,"column":3}},"loc":{"start":{"line":26,"column":30},"end":{"line":28,"column":3}},"line":26},"2":{"name":"(anonymous_2)","decl":{"start":{"line":30,"column":2},"end":{"line":30,"column":3}},"loc":{"start":{"line":30,"column":31},"end":{"line":33,"column":3}},"line":30},"3":{"name":"(anonymous_3)","decl":{"start":{"line":35,"column":2},"end":{"line":35,"column":3}},"loc":{"start":{"line":35,"column":16},"end":{"line":40,"column":3}},"line":35},"4":{"name":"(anonymous_4)","decl":{"start":{"line":37,"column":12},"end":{"line":37,"column":13}},"loc":{"start":{"line":37,"column":32},"end":{"line":38,"column":39}},"line":37},"5":{"name":"(anonymous_5)","decl":{"start":{"line":39,"column":12},"end":{"line":39,"column":13}},"loc":{"start":{"line":39,"column":37},"end":{"line":39,"column":76}},"line":39},"6":{"name":"(anonymous_6)","decl":{"start":{"line":42,"column":2},"end":{"line":42,"column":3}},"loc":{"start":{"line":42,"column":22},"end":{"line":49,"column":3}},"line":42},"7":{"name":"(anonymous_7)","decl":{"start":{"line":51,"column":2},"end":{"line":51,"column":3}},"loc":{"start":{"line":51,"column":27},"end":{"line":56,"column":3}},"line":51},"8":{"name":"(anonymous_8)","decl":{"start":{"line":58,"column":2},"end":{"line":58,"column":3}},"loc":{"start":{"line":58,"column":17},"end":{"line":68,"column":3}},"line":58}},"branchMap":{"0":{"loc":{"start":{"line":16,"column":14},"end":{"line":16,"column":24}},"type":"binary-expr","locations":[{"start":{"line":16,"column":14},"end":{"line":16,"column":18}},{"start":{"line":16,"column":22},"end":{"line":16,"column":24}}],"line":16},"1":{"loc":{"start":{"line":22,"column":22},"end":{"line":22,"column":60}},"type":"binary-expr","locations":[{"start":{"line":22,"column":22},"end":{"line":22,"column":32}},{"start":{"line":22,"column":36},"end":{"line":22,"column":60}}],"line":22},"2":{"loc":{"start":{"line":23,"column":22},"end":{"line":23,"column":60}},"type":"binary-expr","locations":[{"start":{"line":23,"column":22},"end":{"line":23,"column":32}},{"start":{"line":23,"column":36},"end":{"line":23,"column":60}}],"line":23},"3":{"loc":{"start":{"line":62,"column":4},"end":{"line":65,"column":5}},"type":"if","locations":[{"start":{"line":62,"column":4},"end":{"line":65,"column":5}},{"start":{},"end":{}}],"line":62}},"s":{"0":2,"1":2,"2":2,"3":2,"4":2,"5":2,"6":2,"7":2,"8":0,"9":0,"10":0,"11":1,"12":1,"13":1,"14":0,"15":0,"16":1,"17":1,"18":0,"19":0,"20":1,"21":1},"f":{"0":2,"1":0,"2":0,"3":1,"4":1,"5":1,"6":0,"7":1,"8":1},"b":{"0":[2,2],"1":[2,1],"2":[2,1],"3":[0,1]},"_coverageSchema":"1a1c01bbd47fc00a2c39e90264f33305004495a9","hash":"515efd153acedc19ca92a2f6615e1a863b1c4703"}
,"F:\\Estudo\\Alura\\curso\\src\\models\\usuario.js": {"path":"F:\\Estudo\\Alura\\curso\\src\\models\\usuario.js","statementMap":{"0":{"start":{"line":14,"column":4},"end":{"line":14,"column":25}},"1":{"start":{"line":15,"column":4},"end":{"line":15,"column":21}},"2":{"start":{"line":16,"column":4},"end":{"line":16,"column":23}},"3":{"start":{"line":17,"column":4},"end":{"line":17,"column":23}},"4":{"start":{"line":18,"column":4},"end":{"line":18,"column":61}},"5":{"start":{"line":19,"column":4},"end":{"line":19,"column":61}},"6":{"start":{"line":23,"column":4},"end":{"line":23,"column":43}},"7":{"start":{"line":27,"column":22},"end":{"line":27,"column":73}},"8":{"start":{"line":28,"column":4},"end":{"line":28,"column":24}},"9":{"start":{"line":32,"column":22},"end":{"line":32,"column":76}},"10":{"start":{"line":33,"column":4},"end":{"line":33,"column":24}},"11":{"start":{"line":37,"column":4},"end":{"line":40,"column":74}},"12":{"start":{"line":38,"column":32},"end":{"line":39,"column":39}},"13":{"start":{"line":40,"column":37},"end":{"line":40,"column":72}},"14":{"start":{"line":45,"column":4},"end":{"line":47,"column":65}},"15":{"start":{"line":49,"column":4},"end":{"line":49,"column":57}},"16":{"start":{"line":54,"column":4},"end":{"line":56,"column":13}},"17":{"start":{"line":63,"column":4},"end":{"line":66,"column":5}},"18":{"start":{"line":64,"column":24},"end":{"line":64,"column":53}},"19":{"start":{"line":65,"column":6},"end":{"line":65,"column":23}},"20":{"start":{"line":67,"column":22},"end":{"line":67,"column":40}},"21":{"start":{"line":68,"column":4},"end":{"line":68,"column":21}}},"fnMap":{"0":{"name":"(anonymous_0)","decl":{"start":{"line":6,"column":2},"end":{"line":6,"column":3}},"loc":{"start":{"line":13,"column":5},"end":{"line":20,"column":3}},"line":13},"1":{"name":"(anonymous_1)","decl":{"start":{"line":22,"column":2},"end":{"line":22,"column":3}},"loc":{"start":{"line":22,"column":31},"end":{"line":24,"column":3}},"line":22},"2":{"name":"(anonymous_2)","decl":{"start":{"line":26,"column":2},"end":{"line":26,"column":3}},"loc":{"start":{"line":26,"column":31},"end":{"line":29,"column":3}},"line":26},"3":{"name":"(anonymous_3)","decl":{"start":{"line":31,"column":2},"end":{"line":31,"column":3}},"loc":{"start":{"line":31,"column":37},"end":{"line":34,"column":3}},"line":31},"4":{"name":"(anonymous_4)","decl":{"start":{"line":36,"column":2},"end":{"line":36,"column":3}},"loc":{"start":{"line":36,"column":16},"end":{"line":41,"column":3}},"line":36},"5":{"name":"(anonymous_5)","decl":{"start":{"line":38,"column":12},"end":{"line":38,"column":13}},"loc":{"start":{"line":38,"column":32},"end":{"line":39,"column":39}},"line":38},"6":{"name":"(anonymous_6)","decl":{"start":{"line":40,"column":12},"end":{"line":40,"column":13}},"loc":{"start":{"line":40,"column":37},"end":{"line":40,"column":72}},"line":40},"7":{"name":"(anonymous_7)","decl":{"start":{"line":43,"column":2},"end":{"line":43,"column":3}},"loc":{"start":{"line":43,"column":22},"end":{"line":50,"column":3}},"line":43},"8":{"name":"(anonymous_8)","decl":{"start":{"line":52,"column":2},"end":{"line":52,"column":3}},"loc":{"start":{"line":52,"column":27},"end":{"line":57,"column":3}},"line":52},"9":{"name":"(anonymous_9)","decl":{"start":{"line":59,"column":2},"end":{"line":59,"column":3}},"loc":{"start":{"line":59,"column":17},"end":{"line":69,"column":3}},"line":59}},"branchMap":{"0":{"loc":{"start":{"line":14,"column":14},"end":{"line":14,"column":24}},"type":"binary-expr","locations":[{"start":{"line":14,"column":14},"end":{"line":14,"column":18}},{"start":{"line":14,"column":22},"end":{"line":14,"column":24}}],"line":14},"1":{"loc":{"start":{"line":18,"column":22},"end":{"line":18,"column":60}},"type":"binary-expr","locations":[{"start":{"line":18,"column":22},"end":{"line":18,"column":32}},{"start":{"line":18,"column":36},"end":{"line":18,"column":60}}],"line":18},"2":{"loc":{"start":{"line":19,"column":22},"end":{"line":19,"column":60}},"type":"binary-expr","locations":[{"start":{"line":19,"column":22},"end":{"line":19,"column":32}},{"start":{"line":19,"column":36},"end":{"line":19,"column":60}}],"line":19},"3":{"loc":{"start":{"line":63,"column":4},"end":{"line":66,"column":5}},"type":"if","locations":[{"start":{"line":63,"column":4},"end":{"line":66,"column":5}},{"start":{},"end":{}}],"line":63}},"s":{"0":6,"1":6,"2":6,"3":6,"4":6,"5":6,"6":0,"7":0,"8":0,"9":7,"10":7,"11":3,"12":3,"13":3,"14":0,"15":0,"16":3,"17":3,"18":0,"19":0,"20":3,"21":3},"f":{"0":6,"1":0,"2":0,"3":7,"4":3,"5":3,"6":3,"7":0,"8":3,"9":3},"b":{"0":[6,6],"1":[6,3],"2":[6,3],"3":[0,3]},"_coverageSchema":"1a1c01bbd47fc00a2c39e90264f33305004495a9","hash":"dfcbb95b3778998adc754d3da5129eb05acb6e5d"}
,"F:\\Estudo\\Alura\\curso\\src\\routes\\aluguelLivroRoutes.js": {"path":"F:\\Estudo\\Alura\\curso\\src\\routes\\aluguelLivroRoutes.js","statementMap":{"0":{"start":{"line":4,"column":15},"end":{"line":4,"column":31}},"1":{"start":{"line":6,"column":0},"end":{"line":11,"column":81}}},"fnMap":{},"branchMap":{},"s":{"0":2,"1":2},"f":{},"b":{},"_coverageSchema":"1a1c01bbd47fc00a2c39e90264f33305004495a9","hash":"bddd9bd0eba2fbdb50a4942d1775dd98c97fcd1e"}
,"F:\\Estudo\\Alura\\curso\\src\\routes\\authRoutes.js": {"path":"F:\\Estudo\\Alura\\curso\\src\\routes\\authRoutes.js","statementMap":{"0":{"start":{"line":4,"column":15},"end":{"line":4,"column":31}},"1":{"start":{"line":6,"column":0},"end":{"line":8,"column":55}}},"fnMap":{},"branchMap":{},"s":{"0":2,"1":2},"f":{},"b":{},"_coverageSchema":"1a1c01bbd47fc00a2c39e90264f33305004495a9","hash":"60c8a2776a8eea647c6363ccf0468466a684c37d"}
,"F:\\Estudo\\Alura\\curso\\src\\routes\\autoresRoutes.js": {"path":"F:\\Estudo\\Alura\\curso\\src\\routes\\autoresRoutes.js","statementMap":{"0":{"start":{"line":4,"column":15},"end":{"line":4,"column":31}},"1":{"start":{"line":6,"column":0},"end":{"line":12,"column":58}}},"fnMap":{},"branchMap":{},"s":{"0":2,"1":2},"f":{},"b":{},"_coverageSchema":"1a1c01bbd47fc00a2c39e90264f33305004495a9","hash":"3b0250cee05238833309ef7bffe86c48755d39a5"}
,"F:\\Estudo\\Alura\\curso\\src\\routes\\editorasRoutes.js": {"path":"F:\\Estudo\\Alura\\curso\\src\\routes\\editorasRoutes.js","statementMap":{"0":{"start":{"line":4,"column":15},"end":{"line":4,"column":31}},"1":{"start":{"line":6,"column":0},"end":{"line":12,"column":62}}},"fnMap":{},"branchMap":{},"s":{"0":2,"1":2},"f":{},"b":{},"_coverageSchema":"1a1c01bbd47fc00a2c39e90264f33305004495a9","hash":"4c54cbf5183229890d7e87b5fe2ea2d90b37b091"}
,"F:\\Estudo\\Alura\\curso\\src\\routes\\index.js": {"path":"F:\\Estudo\\Alura\\curso\\src\\routes\\index.js","statementMap":{"0":{"start":{"line":10,"column":15},"end":{"line":25,"column":1}},"1":{"start":{"line":11,"column":2},"end":{"line":13,"column":5}},"2":{"start":{"line":12,"column":4},"end":{"line":12,"column":54}},"3":{"start":{"line":15,"column":2},"end":{"line":24,"column":4}}},"fnMap":{"0":{"name":"(anonymous_0)","decl":{"start":{"line":10,"column":15},"end":{"line":10,"column":16}},"loc":{"start":{"line":10,"column":24},"end":{"line":25,"column":1}},"line":10},"1":{"name":"(anonymous_1)","decl":{"start":{"line":11,"column":21},"end":{"line":11,"column":22}},"loc":{"start":{"line":11,"column":33},"end":{"line":13,"column":3}},"line":11}},"branchMap":{},"s":{"0":2,"1":2,"2":0,"3":2},"f":{"0":2,"1":0},"b":{},"_coverageSchema":"1a1c01bbd47fc00a2c39e90264f33305004495a9","hash":"81b5960f8b84d1c020f64c824f23498e0e968347"}
,"F:\\Estudo\\Alura\\curso\\src\\routes\\livrosImagensRoutes.js": {"path":"F:\\Estudo\\Alura\\curso\\src\\routes\\livrosImagensRoutes.js","statementMap":{"0":{"start":{"line":5,"column":15},"end":{"line":5,"column":31}},"1":{"start":{"line":6,"column":15},"end":{"line":6,"column":23}},"2":{"start":{"line":8,"column":0},"end":{"line":13,"column":77}}},"fnMap":{},"branchMap":{},"s":{"0":2,"1":2,"2":2},"f":{},"b":{},"_coverageSchema":"1a1c01bbd47fc00a2c39e90264f33305004495a9","hash":"182eab544657ecd1afb1d70869a42f5058023e68"}
,"F:\\Estudo\\Alura\\curso\\src\\routes\\livrosRoutes.js": {"path":"F:\\Estudo\\Alura\\curso\\src\\routes\\livrosRoutes.js","statementMap":{"0":{"start":{"line":4,"column":15},"end":{"line":4,"column":31}},"1":{"start":{"line":6,"column":0},"end":{"line":11,"column":56}}},"fnMap":{},"branchMap":{},"s":{"0":2,"1":2},"f":{},"b":{},"_coverageSchema":"1a1c01bbd47fc00a2c39e90264f33305004495a9","hash":"9bafdb849de4bfa413479c379b14cc9e9e636f76"}
,"F:\\Estudo\\Alura\\curso\\src\\routes\\usuariosRoutes.js": {"path":"F:\\Estudo\\Alura\\curso\\src\\routes\\usuariosRoutes.js","statementMap":{"0":{"start":{"line":5,"column":15},"end":{"line":5,"column":31}},"1":{"start":{"line":7,"column":0},"end":{"line":7,"column":24}},"2":{"start":{"line":9,"column":0},"end":{"line":13,"column":62}}},"fnMap":{},"branchMap":{},"s":{"0":2,"1":2,"2":2},"f":{},"b":{},"_coverageSchema":"1a1c01bbd47fc00a2c39e90264f33305004495a9","hash":"f12ed5924400ffa5e37a5f504158dcc310716f4f"}
,"F:\\Estudo\\Alura\\curso\\src\\services\\aluguelLivroService.js": {"path":"F:\\Estudo\\Alura\\curso\\src\\services\\aluguelLivroService.js","statementMap":{"0":{"start":{"line":8,"column":4},"end":{"line":13,"column":5}},"1":{"start":{"line":9,"column":24},"end":{"line":9,"column":63}},"2":{"start":{"line":10,"column":6},"end":{"line":10,"column":23}},"3":{"start":{"line":12,"column":6},"end":{"line":12,"column":35}},"4":{"start":{"line":17,"column":4},"end":{"line":22,"column":5}},"5":{"start":{"line":18,"column":24},"end":{"line":18,"column":58}},"6":{"start":{"line":19,"column":6},"end":{"line":19,"column":23}},"7":{"start":{"line":21,"column":6},"end":{"line":21,"column":35}},"8":{"start":{"line":26,"column":4},"end":{"line":52,"column":5}},"9":{"start":{"line":27,"column":27},"end":{"line":27,"column":71}},"10":{"start":{"line":29,"column":6},"end":{"line":31,"column":7}},"11":{"start":{"line":30,"column":8},"end":{"line":30,"column":49}},"12":{"start":{"line":33,"column":19},"end":{"line":38,"column":7}},"13":{"start":{"line":40,"column":27},"end":{"line":40,"column":49}},"14":{"start":{"line":41,"column":23},"end":{"line":41,"column":62}},"15":{"start":{"line":43,"column":6},"end":{"line":47,"column":7}},"16":{"start":{"line":44,"column":24},"end":{"line":44,"column":60}},"17":{"start":{"line":45,"column":22},"end":{"line":45,"column":68}},"18":{"start":{"line":46,"column":8},"end":{"line":46,"column":147}},"19":{"start":{"line":49,"column":6},"end":{"line":49,"column":83}},"20":{"start":{"line":51,"column":6},"end":{"line":51,"column":35}},"21":{"start":{"line":56,"column":4},"end":{"line":82,"column":5}},"22":{"start":{"line":57,"column":32},"end":{"line":57,"column":71}},"23":{"start":{"line":59,"column":6},"end":{"line":61,"column":7}},"24":{"start":{"line":60,"column":8},"end":{"line":60,"column":90}},"25":{"start":{"line":63,"column":19},"end":{"line":68,"column":7}},"26":{"start":{"line":70,"column":27},"end":{"line":70,"column":49}},"27":{"start":{"line":71,"column":23},"end":{"line":71,"column":62}},"28":{"start":{"line":73,"column":6},"end":{"line":77,"column":7}},"29":{"start":{"line":74,"column":24},"end":{"line":74,"column":60}},"30":{"start":{"line":75,"column":22},"end":{"line":75,"column":68}},"31":{"start":{"line":76,"column":8},"end":{"line":76,"column":126}},"32":{"start":{"line":79,"column":6},"end":{"line":79,"column":82}},"33":{"start":{"line":81,"column":6},"end":{"line":81,"column":35}},"34":{"start":{"line":86,"column":4},"end":{"line":91,"column":5}},"35":{"start":{"line":87,"column":6},"end":{"line":87,"column":37}},"36":{"start":{"line":88,"column":6},"end":{"line":88,"column":66}},"37":{"start":{"line":90,"column":6},"end":{"line":90,"column":35}},"38":{"start":{"line":95,"column":26},"end":{"line":95,"column":78}},"39":{"start":{"line":96,"column":4},"end":{"line":96,"column":70}},"40":{"start":{"line":98,"column":4},"end":{"line":98,"column":25}}},"fnMap":{"0":{"name":"(anonymous_0)","decl":{"start":{"line":7,"column":2},"end":{"line":7,"column":3}},"loc":{"start":{"line":7,"column":29},"end":{"line":14,"column":3}},"line":7},"1":{"name":"(anonymous_1)","decl":{"start":{"line":16,"column":2},"end":{"line":16,"column":3}},"loc":{"start":{"line":16,"column":36},"end":{"line":23,"column":3}},"line":16},"2":{"name":"(anonymous_2)","decl":{"start":{"line":25,"column":2},"end":{"line":25,"column":3}},"loc":{"start":{"line":25,"column":37},"end":{"line":53,"column":3}},"line":25},"3":{"name":"(anonymous_3)","decl":{"start":{"line":55,"column":2},"end":{"line":55,"column":3}},"loc":{"start":{"line":55,"column":41},"end":{"line":83,"column":3}},"line":55},"4":{"name":"(anonymous_4)","decl":{"start":{"line":85,"column":2},"end":{"line":85,"column":3}},"loc":{"start":{"line":85,"column":37},"end":{"line":92,"column":3}},"line":85},"5":{"name":"(anonymous_5)","decl":{"start":{"line":94,"column":2},"end":{"line":94,"column":3}},"loc":{"start":{"line":94,"column":61},"end":{"line":99,"column":3}},"line":94}},"branchMap":{"0":{"loc":{"start":{"line":29,"column":6},"end":{"line":31,"column":7}},"type":"if","locations":[{"start":{"line":29,"column":6},"end":{"line":31,"column":7}},{"start":{},"end":{}}],"line":29},"1":{"loc":{"start":{"line":29,"column":10},"end":{"line":29,"column":55}},"type":"binary-expr","locations":[{"start":{"line":29,"column":10},"end":{"line":29,"column":22}},{"start":{"line":29,"column":26},"end":{"line":29,"column":55}}],"line":29},"2":{"loc":{"start":{"line":43,"column":6},"end":{"line":47,"column":7}},"type":"if","locations":[{"start":{"line":43,"column":6},"end":{"line":47,"column":7}},{"start":{},"end":{}}],"line":43},"3":{"loc":{"start":{"line":59,"column":6},"end":{"line":61,"column":7}},"type":"if","locations":[{"start":{"line":59,"column":6},"end":{"line":61,"column":7}},{"start":{},"end":{}}],"line":59},"4":{"loc":{"start":{"line":59,"column":10},"end":{"line":59,"column":66}},"type":"binary-expr","locations":[{"start":{"line":59,"column":10},"end":{"line":59,"column":27}},{"start":{"line":59,"column":31},"end":{"line":59,"column":66}}],"line":59},"5":{"loc":{"start":{"line":73,"column":6},"end":{"line":77,"column":7}},"type":"if","locations":[{"start":{"line":73,"column":6},"end":{"line":77,"column":7}},{"start":{},"end":{}}],"line":73}},"s":{"0":0,"1":0,"2":0,"3":0,"4":0,"5":0,"6":0,"7":0,"8":0,"9":0,"10":0,"11":0,"12":0,"13":0,"14":0,"15":0,"16":0,"17":0,"18":0,"19":0,"20":0,"21":0,"22":0,"23":0,"24":0,"25":0,"26":0,"27":0,"28":0,"29":0,"30":0,"31":0,"32":0,"33":0,"34":0,"35":0,"36":0,"37":0,"38":1,"39":1,"40":1},"f":{"0":0,"1":0,"2":0,"3":0,"4":0,"5":1},"b":{"0":[0,0],"1":[0,0],"2":[0,0],"3":[0,0],"4":[0,0],"5":[0,0]},"_coverageSchema":"1a1c01bbd47fc00a2c39e90264f33305004495a9","hash":"7fa96d86b0049b91052c6173f48d0d50a4e9be59"}
,"F:\\Estudo\\Alura\\curso\\src\\services\\authService.js": {"path":"F:\\Estudo\\Alura\\curso\\src\\services\\authService.js","statementMap":{"0":{"start":{"line":8,"column":4},"end":{"line":39,"column":5}},"1":{"start":{"line":9,"column":6},"end":{"line":11,"column":7}},"2":{"start":{"line":10,"column":8},"end":{"line":10,"column":61}},"3":{"start":{"line":13,"column":6},"end":{"line":15,"column":7}},"4":{"start":{"line":14,"column":8},"end":{"line":14,"column":61}},"5":{"start":{"line":17,"column":22},"end":{"line":17,"column":62}},"6":{"start":{"line":19,"column":6},"end":{"line":21,"column":7}},"7":{"start":{"line":20,"column":8},"end":{"line":20,"column":51}},"8":{"start":{"line":23,"column":26},"end":{"line":23,"column":75}},"9":{"start":{"line":25,"column":6},"end":{"line":27,"column":7}},"10":{"start":{"line":26,"column":8},"end":{"line":26,"column":54}},"11":{"start":{"line":29,"column":26},"end":{"line":34,"column":8}},"12":{"start":{"line":36,"column":6},"end":{"line":36,"column":59}},"13":{"start":{"line":38,"column":6},"end":{"line":38,"column":35}},"14":{"start":{"line":43,"column":4},"end":{"line":69,"column":5}},"15":{"start":{"line":44,"column":6},"end":{"line":46,"column":7}},"16":{"start":{"line":45,"column":8},"end":{"line":45,"column":60}},"17":{"start":{"line":48,"column":6},"end":{"line":50,"column":7}},"18":{"start":{"line":49,"column":8},"end":{"line":49,"column":61}},"19":{"start":{"line":52,"column":6},"end":{"line":54,"column":7}},"20":{"start":{"line":53,"column":8},"end":{"line":53,"column":61}},"21":{"start":{"line":56,"column":32},"end":{"line":56,"column":72}},"22":{"start":{"line":58,"column":6},"end":{"line":60,"column":7}},"23":{"start":{"line":59,"column":8},"end":{"line":59,"column":55}},"24":{"start":{"line":62,"column":6},"end":{"line":62,"column":54}},"25":{"start":{"line":64,"column":22},"end":{"line":64,"column":39}},"26":{"start":{"line":65,"column":23},"end":{"line":65,"column":52}},"27":{"start":{"line":66,"column":6},"end":{"line":66,"column":62}},"28":{"start":{"line":68,"column":6},"end":{"line":68,"column":35}}},"fnMap":{"0":{"name":"(anonymous_0)","decl":{"start":{"line":7,"column":2},"end":{"line":7,"column":3}},"loc":{"start":{"line":7,"column":20},"end":{"line":40,"column":3}},"line":7},"1":{"name":"(anonymous_1)","decl":{"start":{"line":42,"column":2},"end":{"line":42,"column":3}},"loc":{"start":{"line":42,"column":31},"end":{"line":70,"column":3}},"line":42}},"branchMap":{"0":{"loc":{"start":{"line":9,"column":6},"end":{"line":11,"column":7}},"type":"if","locations":[{"start":{"line":9,"column":6},"end":{"line":11,"column":7}},{"start":{},"end":{}}],"line":9},"1":{"loc":{"start":{"line":13,"column":6},"end":{"line":15,"column":7}},"type":"if","locations":[{"start":{"line":13,"column":6},"end":{"line":15,"column":7}},{"start":{},"end":{}}],"line":13},"2":{"loc":{"start":{"line":19,"column":6},"end":{"line":21,"column":7}},"type":"if","locations":[{"start":{"line":19,"column":6},"end":{"line":21,"column":7}},{"start":{},"end":{}}],"line":19},"3":{"loc":{"start":{"line":25,"column":6},"end":{"line":27,"column":7}},"type":"if","locations":[{"start":{"line":25,"column":6},"end":{"line":27,"column":7}},{"start":{},"end":{}}],"line":25},"4":{"loc":{"start":{"line":44,"column":6},"end":{"line":46,"column":7}},"type":"if","locations":[{"start":{"line":44,"column":6},"end":{"line":46,"column":7}},{"start":{},"end":{}}],"line":44},"5":{"loc":{"start":{"line":48,"column":6},"end":{"line":50,"column":7}},"type":"if","locations":[{"start":{"line":48,"column":6},"end":{"line":50,"column":7}},{"start":{},"end":{}}],"line":48},"6":{"loc":{"start":{"line":52,"column":6},"end":{"line":54,"column":7}},"type":"if","locations":[{"start":{"line":52,"column":6},"end":{"line":54,"column":7}},{"start":{},"end":{}}],"line":52},"7":{"loc":{"start":{"line":58,"column":6},"end":{"line":60,"column":7}},"type":"if","locations":[{"start":{"line":58,"column":6},"end":{"line":60,"column":7}},{"start":{},"end":{}}],"line":58}},"s":{"0":4,"1":4,"2":0,"3":4,"4":1,"5":3,"6":3,"7":1,"8":2,"9":2,"10":1,"11":1,"12":1,"13":3,"14":5,"15":5,"16":0,"17":5,"18":0,"19":5,"20":1,"21":4,"22":4,"23":1,"24":3,"25":3,"26":3,"27":3,"28":2},"f":{"0":4,"1":5},"b":{"0":[0,4],"1":[1,3],"2":[1,2],"3":[1,1],"4":[0,5],"5":[0,5],"6":[1,4],"7":[1,3]},"_coverageSchema":"1a1c01bbd47fc00a2c39e90264f33305004495a9","hash":"6b7e84833f9b0de590c7d82425cc807679e7fc85"}
,"F:\\Estudo\\Alura\\curso\\src\\services\\autoresService.js": {"path":"F:\\Estudo\\Alura\\curso\\src\\services\\autoresService.js","statementMap":{"0":{"start":{"line":5,"column":4},"end":{"line":11,"column":5}},"1":{"start":{"line":6,"column":24},"end":{"line":6,"column":50}},"2":{"start":{"line":8,"column":6},"end":{"line":8,"column":23}},"3":{"start":{"line":10,"column":6},"end":{"line":10,"column":35}},"4":{"start":{"line":15,"column":4},"end":{"line":21,"column":5}},"5":{"start":{"line":16,"column":24},"end":{"line":16,"column":51}},"6":{"start":{"line":18,"column":6},"end":{"line":18,"column":23}},"7":{"start":{"line":20,"column":6},"end":{"line":20,"column":35}},"8":{"start":{"line":25,"column":4},"end":{"line":32,"column":5}},"9":{"start":{"line":26,"column":20},"end":{"line":26,"column":35}},"10":{"start":{"line":27,"column":23},"end":{"line":27,"column":48}},"11":{"start":{"line":29,"column":6},"end":{"line":29,"column":60}},"12":{"start":{"line":31,"column":6},"end":{"line":31,"column":35}},"13":{"start":{"line":36,"column":4},"end":{"line":44,"column":5}},"14":{"start":{"line":37,"column":25},"end":{"line":37,"column":52}},"15":{"start":{"line":38,"column":24},"end":{"line":38,"column":61}},"16":{"start":{"line":39,"column":23},"end":{"line":39,"column":56}},"17":{"start":{"line":41,"column":6},"end":{"line":41,"column":64}},"18":{"start":{"line":43,"column":6},"end":{"line":43,"column":35}},"19":{"start":{"line":48,"column":4},"end":{"line":53,"column":5}},"20":{"start":{"line":49,"column":6},"end":{"line":49,"column":30}},"21":{"start":{"line":50,"column":6},"end":{"line":50,"column":43}},"22":{"start":{"line":52,"column":6},"end":{"line":52,"column":35}},"23":{"start":{"line":57,"column":4},"end":{"line":64,"column":5}},"24":{"start":{"line":58,"column":24},"end":{"line":58,"column":51}},"25":{"start":{"line":59,"column":26},"end":{"line":59,"column":61}},"26":{"start":{"line":61,"column":6},"end":{"line":61,"column":58}},"27":{"start":{"line":63,"column":6},"end":{"line":63,"column":35}}},"fnMap":{"0":{"name":"(anonymous_0)","decl":{"start":{"line":4,"column":2},"end":{"line":4,"column":3}},"loc":{"start":{"line":4,"column":24},"end":{"line":12,"column":3}},"line":4},"1":{"name":"(anonymous_1)","decl":{"start":{"line":14,"column":2},"end":{"line":14,"column":3}},"loc":{"start":{"line":14,"column":29},"end":{"line":22,"column":3}},"line":14},"2":{"name":"(anonymous_2)","decl":{"start":{"line":24,"column":2},"end":{"line":24,"column":3}},"loc":{"start":{"line":24,"column":29},"end":{"line":33,"column":3}},"line":24},"3":{"name":"(anonymous_3)","decl":{"start":{"line":35,"column":2},"end":{"line":35,"column":3}},"loc":{"start":{"line":35,"column":33},"end":{"line":45,"column":3}},"line":35},"4":{"name":"(anonymous_4)","decl":{"start":{"line":47,"column":2},"end":{"line":47,"column":3}},"loc":{"start":{"line":47,"column":25},"end":{"line":54,"column":3}},"line":47},"5":{"name":"(anonymous_5)","decl":{"start":{"line":56,"column":2},"end":{"line":56,"column":3}},"loc":{"start":{"line":56,"column":33},"end":{"line":65,"column":3}},"line":56}},"branchMap":{},"s":{"0":0,"1":0,"2":0,"3":0,"4":0,"5":0,"6":0,"7":0,"8":0,"9":0,"10":0,"11":0,"12":0,"13":0,"14":0,"15":0,"16":0,"17":0,"18":0,"19":0,"20":0,"21":0,"22":0,"23":0,"24":0,"25":0,"26":0,"27":0},"f":{"0":0,"1":0,"2":0,"3":0,"4":0,"5":0},"b":{},"_coverageSchema":"1a1c01bbd47fc00a2c39e90264f33305004495a9","hash":"a44fabf4e4d1278389da9a439b3f95a04e658180"}
,"F:\\Estudo\\Alura\\curso\\src\\services\\editorasService.js": {"path":"F:\\Estudo\\Alura\\curso\\src\\services\\editorasService.js","statementMap":{"0":{"start":{"line":5,"column":4},"end":{"line":11,"column":5}},"1":{"start":{"line":6,"column":24},"end":{"line":6,"column":53}},"2":{"start":{"line":8,"column":6},"end":{"line":8,"column":23}},"3":{"start":{"line":10,"column":6},"end":{"line":10,"column":35}},"4":{"start":{"line":15,"column":4},"end":{"line":21,"column":5}},"5":{"start":{"line":16,"column":24},"end":{"line":16,"column":53}},"6":{"start":{"line":18,"column":6},"end":{"line":18,"column":23}},"7":{"start":{"line":20,"column":6},"end":{"line":20,"column":35}},"8":{"start":{"line":25,"column":4},"end":{"line":40,"column":5}},"9":{"start":{"line":26,"column":22},"end":{"line":26,"column":39}},"10":{"start":{"line":28,"column":6},"end":{"line":30,"column":7}},"11":{"start":{"line":29,"column":8},"end":{"line":29,"column":53}},"12":{"start":{"line":32,"column":23},"end":{"line":32,"column":52}},"13":{"start":{"line":34,"column":6},"end":{"line":34,"column":62}},"14":{"start":{"line":36,"column":6},"end":{"line":38,"column":7}},"15":{"start":{"line":37,"column":8},"end":{"line":37,"column":37}},"16":{"start":{"line":39,"column":6},"end":{"line":39,"column":35}},"17":{"start":{"line":44,"column":4},"end":{"line":52,"column":5}},"18":{"start":{"line":45,"column":27},"end":{"line":45,"column":56}},"19":{"start":{"line":46,"column":26},"end":{"line":46,"column":67}},"20":{"start":{"line":47,"column":23},"end":{"line":47,"column":60}},"21":{"start":{"line":49,"column":6},"end":{"line":49,"column":66}},"22":{"start":{"line":51,"column":6},"end":{"line":51,"column":35}},"23":{"start":{"line":56,"column":4},"end":{"line":62,"column":5}},"24":{"start":{"line":57,"column":6},"end":{"line":57,"column":32}},"25":{"start":{"line":59,"column":6},"end":{"line":59,"column":45}},"26":{"start":{"line":61,"column":6},"end":{"line":61,"column":35}},"27":{"start":{"line":66,"column":4},"end":{"line":73,"column":5}},"28":{"start":{"line":67,"column":24},"end":{"line":67,"column":53}},"29":{"start":{"line":68,"column":26},"end":{"line":68,"column":65}},"30":{"start":{"line":70,"column":6},"end":{"line":70,"column":60}},"31":{"start":{"line":72,"column":6},"end":{"line":72,"column":35}}},"fnMap":{"0":{"name":"(anonymous_0)","decl":{"start":{"line":4,"column":2},"end":{"line":4,"column":3}},"loc":{"start":{"line":4,"column":25},"end":{"line":12,"column":3}},"line":4},"1":{"name":"(anonymous_1)","decl":{"start":{"line":14,"column":2},"end":{"line":14,"column":3}},"loc":{"start":{"line":14,"column":31},"end":{"line":22,"column":3}},"line":14},"2":{"name":"(anonymous_2)","decl":{"start":{"line":24,"column":2},"end":{"line":24,"column":3}},"loc":{"start":{"line":24,"column":31},"end":{"line":41,"column":3}},"line":24},"3":{"name":"(anonymous_3)","decl":{"start":{"line":43,"column":2},"end":{"line":43,"column":3}},"loc":{"start":{"line":43,"column":35},"end":{"line":53,"column":3}},"line":43},"4":{"name":"(anonymous_4)","decl":{"start":{"line":55,"column":2},"end":{"line":55,"column":3}},"loc":{"start":{"line":55,"column":27},"end":{"line":63,"column":3}},"line":55},"5":{"name":"(anonymous_5)","decl":{"start":{"line":65,"column":2},"end":{"line":65,"column":3}},"loc":{"start":{"line":65,"column":35},"end":{"line":74,"column":3}},"line":65}},"branchMap":{"0":{"loc":{"start":{"line":28,"column":6},"end":{"line":30,"column":7}},"type":"if","locations":[{"start":{"line":28,"column":6},"end":{"line":30,"column":7}},{"start":{},"end":{}}],"line":28},"1":{"loc":{"start":{"line":36,"column":6},"end":{"line":38,"column":7}},"type":"if","locations":[{"start":{"line":36,"column":6},"end":{"line":38,"column":7}},{"start":{},"end":{}}],"line":36}},"s":{"0":0,"1":0,"2":0,"3":0,"4":0,"5":0,"6":0,"7":0,"8":0,"9":0,"10":0,"11":0,"12":0,"13":0,"14":0,"15":0,"16":0,"17":0,"18":0,"19":0,"20":0,"21":0,"22":0,"23":0,"24":0,"25":0,"26":0,"27":0,"28":0,"29":0,"30":0,"31":0},"f":{"0":0,"1":0,"2":0,"3":0,"4":0,"5":0},"b":{"0":[0,0],"1":[0,0]},"_coverageSchema":"1a1c01bbd47fc00a2c39e90264f33305004495a9","hash":"726097c77006795ae6c55d18c748c2f4a86ed1b6"}
,"F:\\Estudo\\Alura\\curso\\src\\services\\livrosImagensService.js": {"path":"F:\\Estudo\\Alura\\curso\\src\\services\\livrosImagensService.js","statementMap":{"0":{"start":{"line":6,"column":4},"end":{"line":12,"column":5}},"1":{"start":{"line":7,"column":24},"end":{"line":7,"column":56}},"2":{"start":{"line":9,"column":6},"end":{"line":9,"column":23}},"3":{"start":{"line":11,"column":6},"end":{"line":11,"column":35}},"4":{"start":{"line":16,"column":4},"end":{"line":22,"column":5}},"5":{"start":{"line":17,"column":24},"end":{"line":17,"column":57}},"6":{"start":{"line":19,"column":6},"end":{"line":19,"column":23}},"7":{"start":{"line":21,"column":6},"end":{"line":21,"column":35}},"8":{"start":{"line":26,"column":4},"end":{"line":56,"column":5}},"9":{"start":{"line":27,"column":6},"end":{"line":29,"column":7}},"10":{"start":{"line":28,"column":8},"end":{"line":28,"column":55}},"11":{"start":{"line":31,"column":6},"end":{"line":33,"column":7}},"12":{"start":{"line":32,"column":8},"end":{"line":32,"column":74}},"13":{"start":{"line":35,"column":6},"end":{"line":37,"column":7}},"14":{"start":{"line":36,"column":8},"end":{"line":36,"column":71}},"15":{"start":{"line":39,"column":21},"end":{"line":39,"column":36}},"16":{"start":{"line":40,"column":26},"end":{"line":40,"column":51}},"17":{"start":{"line":42,"column":19},"end":{"line":48,"column":7}},"18":{"start":{"line":50,"column":21},"end":{"line":50,"column":42}},"19":{"start":{"line":51,"column":23},"end":{"line":51,"column":50}},"20":{"start":{"line":53,"column":6},"end":{"line":53,"column":61}},"21":{"start":{"line":55,"column":6},"end":{"line":55,"column":35}},"22":{"start":{"line":60,"column":4},"end":{"line":68,"column":5}},"23":{"start":{"line":61,"column":26},"end":{"line":61,"column":59}},"24":{"start":{"line":62,"column":26},"end":{"line":62,"column":70}},"25":{"start":{"line":63,"column":23},"end":{"line":63,"column":60}},"26":{"start":{"line":65,"column":6},"end":{"line":65,"column":65}},"27":{"start":{"line":67,"column":6},"end":{"line":67,"column":35}},"28":{"start":{"line":72,"column":4},"end":{"line":78,"column":5}},"29":{"start":{"line":73,"column":6},"end":{"line":73,"column":36}},"30":{"start":{"line":75,"column":6},"end":{"line":75,"column":44}},"31":{"start":{"line":77,"column":6},"end":{"line":77,"column":35}}},"fnMap":{"0":{"name":"(anonymous_0)","decl":{"start":{"line":5,"column":2},"end":{"line":5,"column":3}},"loc":{"start":{"line":5,"column":24},"end":{"line":13,"column":3}},"line":5},"1":{"name":"(anonymous_1)","decl":{"start":{"line":15,"column":2},"end":{"line":15,"column":3}},"loc":{"start":{"line":15,"column":30},"end":{"line":23,"column":3}},"line":15},"2":{"name":"(anonymous_2)","decl":{"start":{"line":25,"column":2},"end":{"line":25,"column":3}},"loc":{"start":{"line":25,"column":29},"end":{"line":57,"column":3}},"line":25},"3":{"name":"(anonymous_3)","decl":{"start":{"line":59,"column":2},"end":{"line":59,"column":3}},"loc":{"start":{"line":59,"column":34},"end":{"line":69,"column":3}},"line":59},"4":{"name":"(anonymous_4)","decl":{"start":{"line":71,"column":2},"end":{"line":71,"column":3}},"loc":{"start":{"line":71,"column":31},"end":{"line":79,"column":3}},"line":71}},"branchMap":{"0":{"loc":{"start":{"line":27,"column":6},"end":{"line":29,"column":7}},"type":"if","locations":[{"start":{"line":27,"column":6},"end":{"line":29,"column":7}},{"start":{},"end":{}}],"line":27},"1":{"loc":{"start":{"line":31,"column":6},"end":{"line":33,"column":7}},"type":"if","locations":[{"start":{"line":31,"column":6},"end":{"line":33,"column":7}},{"start":{},"end":{}}],"line":31},"2":{"loc":{"start":{"line":35,"column":6},"end":{"line":37,"column":7}},"type":"if","locations":[{"start":{"line":35,"column":6},"end":{"line":37,"column":7}},{"start":{},"end":{}}],"line":35}},"s":{"0":0,"1":0,"2":0,"3":0,"4":0,"5":0,"6":0,"7":0,"8":4,"9":4,"10":1,"11":3,"12":1,"13":2,"14":1,"15":1,"16":1,"17":1,"18":1,"19":1,"20":1,"21":3,"22":0,"23":0,"24":0,"25":0,"26":0,"27":0,"28":1,"29":1,"30":1,"31":0},"f":{"0":0,"1":0,"2":4,"3":0,"4":1},"b":{"0":[1,3],"1":[1,2],"2":[1,1]},"_coverageSchema":"1a1c01bbd47fc00a2c39e90264f33305004495a9","hash":"2130032190bf4091d3708f59b3a9a24dad37ba74"}
,"F:\\Estudo\\Alura\\curso\\src\\services\\livrosService.js": {"path":"F:\\Estudo\\Alura\\curso\\src\\services\\livrosService.js","statementMap":{"0":{"start":{"line":5,"column":4},"end":{"line":11,"column":5}},"1":{"start":{"line":6,"column":24},"end":{"line":6,"column":49}},"2":{"start":{"line":8,"column":6},"end":{"line":8,"column":23}},"3":{"start":{"line":10,"column":6},"end":{"line":10,"column":35}},"4":{"start":{"line":15,"column":4},"end":{"line":21,"column":5}},"5":{"start":{"line":16,"column":24},"end":{"line":16,"column":51}},"6":{"start":{"line":18,"column":6},"end":{"line":18,"column":23}},"7":{"start":{"line":20,"column":6},"end":{"line":20,"column":35}},"8":{"start":{"line":25,"column":4},"end":{"line":32,"column":5}},"9":{"start":{"line":26,"column":20},"end":{"line":26,"column":35}},"10":{"start":{"line":27,"column":23},"end":{"line":27,"column":48}},"11":{"start":{"line":29,"column":6},"end":{"line":29,"column":60}},"12":{"start":{"line":31,"column":6},"end":{"line":31,"column":35}},"13":{"start":{"line":36,"column":4},"end":{"line":44,"column":5}},"14":{"start":{"line":37,"column":25},"end":{"line":37,"column":52}},"15":{"start":{"line":38,"column":24},"end":{"line":38,"column":61}},"16":{"start":{"line":39,"column":23},"end":{"line":39,"column":56}},"17":{"start":{"line":41,"column":6},"end":{"line":41,"column":64}},"18":{"start":{"line":43,"column":6},"end":{"line":43,"column":35}},"19":{"start":{"line":48,"column":4},"end":{"line":53,"column":5}},"20":{"start":{"line":49,"column":6},"end":{"line":49,"column":30}},"21":{"start":{"line":50,"column":6},"end":{"line":50,"column":43}},"22":{"start":{"line":52,"column":6},"end":{"line":52,"column":35}}},"fnMap":{"0":{"name":"(anonymous_0)","decl":{"start":{"line":4,"column":2},"end":{"line":4,"column":3}},"loc":{"start":{"line":4,"column":23},"end":{"line":12,"column":3}},"line":4},"1":{"name":"(anonymous_1)","decl":{"start":{"line":14,"column":2},"end":{"line":14,"column":3}},"loc":{"start":{"line":14,"column":29},"end":{"line":22,"column":3}},"line":14},"2":{"name":"(anonymous_2)","decl":{"start":{"line":24,"column":2},"end":{"line":24,"column":3}},"loc":{"start":{"line":24,"column":29},"end":{"line":33,"column":3}},"line":24},"3":{"name":"(anonymous_3)","decl":{"start":{"line":35,"column":2},"end":{"line":35,"column":3}},"loc":{"start":{"line":35,"column":33},"end":{"line":45,"column":3}},"line":35},"4":{"name":"(anonymous_4)","decl":{"start":{"line":47,"column":2},"end":{"line":47,"column":3}},"loc":{"start":{"line":47,"column":25},"end":{"line":54,"column":3}},"line":47}},"branchMap":{},"s":{"0":0,"1":0,"2":0,"3":0,"4":0,"5":0,"6":0,"7":0,"8":0,"9":0,"10":0,"11":0,"12":0,"13":0,"14":0,"15":0,"16":0,"17":0,"18":0,"19":0,"20":0,"21":0,"22":0},"f":{"0":0,"1":0,"2":0,"3":0,"4":0},"b":{},"_coverageSchema":"1a1c01bbd47fc00a2c39e90264f33305004495a9","hash":"a40ab4af5de4ff5c92a916b5c979384abd2699da"}
,"F:\\Estudo\\Alura\\curso\\src\\services\\usuariosService.js": {"path":"F:\\Estudo\\Alura\\curso\\src\\services\\usuariosService.js","statementMap":{"0":{"start":{"line":6,"column":4},"end":{"line":12,"column":5}},"1":{"start":{"line":7,"column":24},"end":{"line":7,"column":53}},"2":{"start":{"line":9,"column":6},"end":{"line":9,"column":23}},"3":{"start":{"line":11,"column":6},"end":{"line":11,"column":35}},"4":{"start":{"line":16,"column":4},"end":{"line":22,"column":5}},"5":{"start":{"line":17,"column":24},"end":{"line":17,"column":53}},"6":{"start":{"line":19,"column":6},"end":{"line":19,"column":23}},"7":{"start":{"line":21,"column":6},"end":{"line":21,"column":35}},"8":{"start":{"line":26,"column":4},"end":{"line":35,"column":5}},"9":{"start":{"line":27,"column":6},"end":{"line":27,"column":54}},"10":{"start":{"line":28,"column":27},"end":{"line":28,"column":56}},"11":{"start":{"line":29,"column":26},"end":{"line":29,"column":67}},"12":{"start":{"line":30,"column":23},"end":{"line":30,"column":60}},"13":{"start":{"line":32,"column":6},"end":{"line":32,"column":66}},"14":{"start":{"line":34,"column":6},"end":{"line":34,"column":35}},"15":{"start":{"line":39,"column":4},"end":{"line":45,"column":5}},"16":{"start":{"line":40,"column":6},"end":{"line":40,"column":32}},"17":{"start":{"line":42,"column":6},"end":{"line":42,"column":45}},"18":{"start":{"line":44,"column":6},"end":{"line":44,"column":35}}},"fnMap":{"0":{"name":"(anonymous_0)","decl":{"start":{"line":5,"column":2},"end":{"line":5,"column":3}},"loc":{"start":{"line":5,"column":25},"end":{"line":13,"column":3}},"line":5},"1":{"name":"(anonymous_1)","decl":{"start":{"line":15,"column":2},"end":{"line":15,"column":3}},"loc":{"start":{"line":15,"column":31},"end":{"line":23,"column":3}},"line":15},"2":{"name":"(anonymous_2)","decl":{"start":{"line":25,"column":2},"end":{"line":25,"column":3}},"loc":{"start":{"line":25,"column":35},"end":{"line":36,"column":3}},"line":25},"3":{"name":"(anonymous_3)","decl":{"start":{"line":38,"column":2},"end":{"line":38,"column":3}},"loc":{"start":{"line":38,"column":27},"end":{"line":46,"column":3}},"line":38}},"branchMap":{},"s":{"0":0,"1":0,"2":0,"3":0,"4":0,"5":0,"6":0,"7":0,"8":0,"9":0,"10":0,"11":0,"12":0,"13":0,"14":0,"15":0,"16":0,"17":0,"18":0},"f":{"0":0,"1":0,"2":0,"3":0},"b":{},"_coverageSchema":"1a1c01bbd47fc00a2c39e90264f33305004495a9","hash":"282de1c72526bfe8861fae2ca341df0ac754658b"}
}
